[0.011s] Invoking command in '/home/ashmu/ws_ros2/build/moveit_core': AMENT_PREFIX_PATH=/home/ashmu/ws_ros2/install/moveit_common:${AMENT_PREFIX_PATH} CMAKE_PREFIX_PATH=/home/ashmu/ws_ros2/install/moveit_common:/opt/ros/humble /usr/bin/cmake /home/ashmu/ws_ros2/src/moveit2/moveit_core -DAMENT_CMAKE_SYMLINK_INSTALL=1 -DCMAKE_INSTALL_PREFIX=/home/ashmu/ws_ros2/install/moveit_core
[0.100s] -- The CXX compiler identification is GNU 11.4.0
[0.110s] -- Detecting CXX compiler ABI info
[0.204s] -- Detecting CXX compiler ABI info - done
[0.212s] -- Check for working CXX compiler: /usr/bin/c++ - skipped
[0.212s] -- Detecting CXX compile features
[0.213s] -- Detecting CXX compile features - done
[0.214s] -- Found moveit_common: 2.13.0 (/home/ashmu/ws_ros2/install/moveit_common/share/moveit_common/cmake)
[0.217s] -- Found ament_cmake: 1.3.11 (/opt/ros/humble/share/ament_cmake/cmake)
[0.357s] -- Found Python3: /usr/bin/python3 (found version "3.10.12") found components: Interpreter 
[0.426s] -- Override CMake install command with custom implementation using symlinks instead of copying resources
[0.521s] [0mmoveit_core: You did not request a specific build type: Choosing 'Release' for maximum performance[0m
[0.522s] -- Found angles: 1.15.0 (/opt/ros/humble/share/angles/cmake)
[0.542s] -- Found Bullet: /usr/lib/x86_64-linux-gnu/libBulletDynamics.so (Required is at least version "2.87") 
[0.543s] -- Found common_interfaces: 4.2.4 (/opt/ros/humble/share/common_interfaces/cmake)
[0.545s] -- Found eigen_stl_containers: 1.1.0 (/opt/ros/humble/share/eigen_stl_containers/cmake)
[0.554s] -- Found eigen3_cmake_module: 0.1.1 (/opt/ros/humble/share/eigen3_cmake_module/cmake)
[0.556s] -- Found Eigen3: TRUE (found version "3.4.0") 
[0.560s] -- Found generate_parameter_library: 0.4.0 (/opt/ros/humble/share/generate_parameter_library/cmake)
[0.563s] -- Found parameter_traits: 0.4.0 (/opt/ros/humble/share/parameter_traits/cmake)
[0.596s] -- Found rosidl_generator_c: 3.1.6 (/opt/ros/humble/share/rosidl_generator_c/cmake)
[0.601s] -- Found rosidl_adapter: 3.1.6 (/opt/ros/humble/share/rosidl_adapter/cmake)
[0.608s] -- Found rosidl_generator_cpp: 3.1.6 (/opt/ros/humble/share/rosidl_generator_cpp/cmake)
[0.617s] -- Using all available rosidl_typesupport_c: rosidl_typesupport_fastrtps_c;rosidl_typesupport_introspection_c
[0.634s] -- Using all available rosidl_typesupport_cpp: rosidl_typesupport_fastrtps_cpp;rosidl_typesupport_introspection_cpp
[0.673s] -- Found rmw_implementation_cmake: 6.1.2 (/opt/ros/humble/share/rmw_implementation_cmake/cmake)
[0.675s] -- Found rmw_fastrtps_cpp: 6.2.7 (/opt/ros/humble/share/rmw_fastrtps_cpp/cmake)
[0.770s] -- Found OpenSSL: /usr/lib/x86_64-linux-gnu/libcrypto.so (found version "3.0.2")  
[0.795s] -- Found FastRTPS: /opt/ros/humble/include  
[0.838s] -- Using RMW implementation 'rmw_fastrtps_cpp' as default
[0.846s] -- Looking for C++ include pthread.h
[0.959s] -- Looking for C++ include pthread.h - found
[0.960s] -- Performing Test CMAKE_HAVE_LIBC_PTHREAD
[1.076s] -- Performing Test CMAKE_HAVE_LIBC_PTHREAD - Success
[1.077s] -- Found Threads: TRUE  
[1.135s] -- Found rclcpp_lifecycle: 16.0.11 (/opt/ros/humble/share/rclcpp_lifecycle/cmake)
[1.153s] -- Found geometric_shapes: 2.3.2 (/opt/ros/humble/share/geometric_shapes/cmake)
[1.162s] -- Found Boost: /usr/lib/x86_64-linux-gnu/cmake/Boost-1.74.0/BoostConfig.cmake (found version "1.74.0") found components: filesystem 
[1.269s] -- library: /usr/lib/x86_64-linux-gnu/libcurl.so
[1.315s] -- Found kdl_parser: 2.6.4 (/opt/ros/humble/share/kdl_parser/cmake)
[1.321s] -- Ensuring Eigen3 include directory is part of orocos-kdl CMake target
[1.324s] -- Found moveit_msgs: 2.2.1 (/opt/ros/humble/share/moveit_msgs/cmake)
[1.418s] -- Found pluginlib: 5.1.0 (/opt/ros/humble/share/pluginlib/cmake)
[1.439s] -- Found srdfdom: 2.0.7 (/opt/ros/humble/share/srdfdom/cmake)
[1.447s] -- Found tf2_eigen: 0.25.12 (/opt/ros/humble/share/tf2_eigen/cmake)
[1.504s] -- Found tf2_geometry_msgs: 0.25.12 (/opt/ros/humble/share/tf2_geometry_msgs/cmake)
[1.508s] -- Found tf2_kdl: 0.25.12 (/opt/ros/humble/share/tf2_kdl/cmake)
[1.534s] -- Found Boost: /usr/lib/x86_64-linux-gnu/cmake/Boost-1.74.0/BoostConfig.cmake (found version "1.74.0") found components: chrono date_time filesystem iostreams program_options regex serialization system thread 
[1.538s] -- Performing Test COMPILER_HAS_HIDDEN_VISIBILITY
[1.632s] -- Performing Test COMPILER_HAS_HIDDEN_VISIBILITY - Success
[1.632s] -- Performing Test COMPILER_HAS_HIDDEN_INLINE_VISIBILITY
[1.718s] -- Performing Test COMPILER_HAS_HIDDEN_INLINE_VISIBILITY - Success
[1.718s] -- Performing Test COMPILER_HAS_DEPRECATED_ATTR
[1.804s] -- Performing Test COMPILER_HAS_DEPRECATED_ATTR - Success
[1.809s] -- Found ament_cmake_gtest: 1.3.11 (/opt/ros/humble/share/ament_cmake_gtest/cmake)
[1.810s] -- Found gtest sources under '/opt/ros/humble/src/gtest_vendor': C++ tests using 'Google Test' will be built
[1.846s] -- The C compiler identification is GNU 11.4.0
[1.853s] -- Detecting C compiler ABI info
[1.935s] -- Detecting C compiler ABI info - done
[1.940s] -- Check for working C compiler: /usr/bin/cc - skipped
[1.940s] -- Detecting C compile features
[1.941s] -- Detecting C compile features - done
[1.951s] -- Found gtest sources under '/opt/ros/humble/src/gtest_vendor': C++ tests using 'Google Test' will be built
[1.958s] -- Found gtest sources under '/opt/ros/humble/src/gtest_vendor': C++ tests using 'Google Test' will be built
[1.966s] -- Found ament_cmake_gtest: 1.3.11 (/opt/ros/humble/share/ament_cmake_gtest/cmake)
[1.967s] -- Found gtest sources under '/opt/ros/humble/src/gtest_vendor': C++ tests using 'Google Test' will be built
[1.973s] -- Found ament_cmake_gmock: 1.3.11 (/opt/ros/humble/share/ament_cmake_gmock/cmake)
[1.976s] -- Found gmock sources under '/opt/ros/humble/src/gmock_vendor': C++ tests using 'Google Mock' will be built
[1.979s] -- Found ament_cmake_gtest: 1.3.11 (/opt/ros/humble/share/ament_cmake_gtest/cmake)
[1.979s] -- Found gtest sources under '/opt/ros/humble/src/gtest_vendor': C++ tests using 'Google Test' will be built
[1.986s] -- Found ament_cmake_gtest: 1.3.11 (/opt/ros/humble/share/ament_cmake_gtest/cmake)
[1.986s] -- Found gtest sources under '/opt/ros/humble/src/gtest_vendor': C++ tests using 'Google Test' will be built
[1.999s] -- Found ament_cmake_gtest: 1.3.11 (/opt/ros/humble/share/ament_cmake_gtest/cmake)
[2.000s] -- Found gtest sources under '/opt/ros/humble/src/gtest_vendor': C++ tests using 'Google Test' will be built
[2.017s] -- Found ament_cmake_gtest: 1.3.11 (/opt/ros/humble/share/ament_cmake_gtest/cmake)
[2.018s] -- Found gtest sources under '/opt/ros/humble/src/gtest_vendor': C++ tests using 'Google Test' will be built
[2.028s] -- Found ament_cmake_gtest: 1.3.11 (/opt/ros/humble/share/ament_cmake_gtest/cmake)
[2.029s] -- Found gtest sources under '/opt/ros/humble/src/gtest_vendor': C++ tests using 'Google Test' will be built
[2.036s] -- Found ament_cmake_gtest: 1.3.11 (/opt/ros/humble/share/ament_cmake_gtest/cmake)
[2.037s] -- Found gtest sources under '/opt/ros/humble/src/gtest_vendor': C++ tests using 'Google Test' will be built
[2.043s] -- Found ament_cmake_google_benchmark: 1.3.11 (/opt/ros/humble/share/ament_cmake_google_benchmark/cmake)
[2.044s] -- Found ament_cmake_gtest: 1.3.11 (/opt/ros/humble/share/ament_cmake_gtest/cmake)
[2.046s] -- Found gmock sources under '/opt/ros/humble/src/gmock_vendor': C++ tests using 'Google Mock' will be built
[2.046s] -- Found gtest sources under '/opt/ros/humble/src/gtest_vendor': C++ tests using 'Google Test' will be built
[2.051s] -- Performance tests are disabled by default, so Google Benchmark tests will be skipped. To enable these tests, set the CMake variable 'AMENT_RUN_PERFORMANCE_TESTS'.
[2.054s] -- Found gtest sources under '/opt/ros/humble/src/gtest_vendor': C++ tests using 'Google Test' will be built
[2.059s] -- Found ament_cmake_google_benchmark: 1.3.11 (/opt/ros/humble/share/ament_cmake_google_benchmark/cmake)
[2.060s] -- Found ament_cmake_gtest: 1.3.11 (/opt/ros/humble/share/ament_cmake_gtest/cmake)
[2.061s] -- Found gtest sources under '/opt/ros/humble/src/gtest_vendor': C++ tests using 'Google Test' will be built
[2.064s] -- Performance tests are disabled by default, so Google Benchmark tests will be skipped. To enable these tests, set the CMake variable 'AMENT_RUN_PERFORMANCE_TESTS'.
[2.068s] -- Found ament_cmake_gtest: 1.3.11 (/opt/ros/humble/share/ament_cmake_gtest/cmake)
[2.068s] -- Found gtest sources under '/opt/ros/humble/src/gtest_vendor': C++ tests using 'Google Test' will be built
[2.079s] -- Found launch_testing_ament_cmake: 1.0.7 (/opt/ros/humble/share/launch_testing_ament_cmake/cmake)
[2.082s] -- Found python_cmake_module: 0.10.0 (/opt/ros/humble/share/python_cmake_module/cmake)
[2.103s] -- Found PythonInterp: /usr/bin/python3 (found suitable version "3.10.12", minimum required is "3.6") 
[2.108s] -- Found PythonLibs: /usr/lib/x86_64-linux-gnu/libpython3.10.so (found suitable version "3.10.12", minimum required is "3.5") 
[2.108s] -- Using PYTHON_EXECUTABLE: /usr/bin/python3
[2.108s] -- Using PYTHON_INCLUDE_DIRS: /usr/include/python3.10
[2.108s] -- Using PYTHON_LIBRARIES: /usr/lib/x86_64-linux-gnu/libpython3.10.so
[2.124s] -- Found PythonExtra: .so  
[2.128s] --  *** Building MoveIt 2.13.0 devel ***
[2.142s] -- Configuring done
[2.781s] -- Generating done
[2.945s] -- Build files have been written to: /home/ashmu/ws_ros2/build/moveit_core
[2.995s] Invoked command in '/home/ashmu/ws_ros2/build/moveit_core' returned '0': AMENT_PREFIX_PATH=/home/ashmu/ws_ros2/install/moveit_common:${AMENT_PREFIX_PATH} CMAKE_PREFIX_PATH=/home/ashmu/ws_ros2/install/moveit_common:/opt/ros/humble /usr/bin/cmake /home/ashmu/ws_ros2/src/moveit2/moveit_core -DAMENT_CMAKE_SYMLINK_INSTALL=1 -DCMAKE_INSTALL_PREFIX=/home/ashmu/ws_ros2/install/moveit_core
[2.998s] Invoking command in '/home/ashmu/ws_ros2/build/moveit_core': AMENT_PREFIX_PATH=/home/ashmu/ws_ros2/install/moveit_common:${AMENT_PREFIX_PATH} CMAKE_PREFIX_PATH=/home/ashmu/ws_ros2/install/moveit_common:/opt/ros/humble /usr/bin/cmake --build /home/ashmu/ws_ros2/build/moveit_core -- -j12 -l12
[3.063s] [  0%] [32mBuilding CXX object gtest/CMakeFiles/gtest_main.dir/src/gtest_main.cc.o[0m
[3.063s] [  0%] [32mBuilding CXX object gtest/CMakeFiles/gtest.dir/src/gtest-all.cc.o[0m
[3.064s] [  1%] [32mBuilding CXX object gmock/CMakeFiles/gmock_main.dir/src/gmock_main.cc.o[0m
[3.065s] [  2%] [34m[1mRunning `/opt/ros/humble/bin/generate_parameter_library_cpp /home/ashmu/ws_ros2/build/moveit_core/online_signal_smoothing/include/moveit_core/moveit_acceleration_filter_parameters.hpp /home/ashmu/ws_ros2/src/moveit2/moveit_core/online_signal_smoothing/src/acceleration_filter_parameters.yaml `[0m
[3.065s] [  3%] [34m[1mRunning `/opt/ros/humble/bin/generate_parameter_library_cpp /home/ashmu/ws_ros2/build/moveit_core/online_signal_smoothing/include/moveit_core/moveit_butterworth_filter_parameters.hpp /home/ashmu/ws_ros2/src/moveit2/moveit_core/online_signal_smoothing/src/butterworth_parameters.yaml `[0m
[3.065s] [  4%] [32mBuilding CXX object gmock/CMakeFiles/gmock.dir/src/gmock-all.cc.o[0m
[3.066s] [  5%] [32mBuilding CXX object online_signal_smoothing/CMakeFiles/moveit_smoothing_base.dir/src/smoothing_base_class.cpp.o[0m
[3.066s] [  5%] [32mBuilding CXX object utils/CMakeFiles/moveit_utils.dir/src/message_checks.cpp.o[0m
[3.070s] [  6%] [34m[1mGenerate version header[0m
[3.071s] [  6%] [32mBuilding CXX object gmock/CMakeFiles/gmock.dir/opt/ros/humble/src/gtest_vendor/src/gtest-all.cc.o[0m
[3.072s] [  7%] [34m[1mRunning `/opt/ros/humble/bin/generate_parameter_library_cpp /home/ashmu/ws_ros2/build/moveit_core/online_signal_smoothing/include/moveit_core/moveit_ruckig_filter_parameters.hpp /home/ashmu/ws_ros2/src/moveit2/moveit_core/online_signal_smoothing/src/ruckig_filter_parameters.yaml `[0m
[3.087s] [  8%] [32mBuilding CXX object utils/CMakeFiles/moveit_utils.dir/src/lexical_casts.cpp.o[0m
[3.125s] [  9%] [34m[1mGenerating version.hpp[0m
[3.141s] [  9%] Built target version_hpp
[3.161s] [ 10%] [32mBuilding CXX object utils/CMakeFiles/moveit_utils.dir/src/rclcpp_utils.cpp.o[0m
[3.329s] [ 10%] [34m[1mCreating deprecated header file /home/ashmu/ws_ros2/build/moveit_core/online_signal_smoothing/include/moveit_butterworth_filter_parameters.hpp[0m
[3.347s] [ 10%] [34m[1mCreating deprecated header file /home/ashmu/ws_ros2/build/moveit_core/online_signal_smoothing/include/moveit_ruckig_filter_parameters.hpp[0m
[3.371s] [ 10%] [34m[1mCreating deprecated header file /home/ashmu/ws_ros2/build/moveit_core/online_signal_smoothing/include/moveit_acceleration_filter_parameters.hpp[0m
[3.426s] [ 10%] Built target moveit_butterworth_filter_parameters
[3.438s] [ 10%] Built target moveit_ruckig_filter_parameters
[3.440s] [ 10%] [32mBuilding CXX object utils/CMakeFiles/moveit_utils.dir/src/logger.cpp.o[0m
[3.452s] [ 10%] Built target moveit_acceleration_filter_parameters
[3.475s] [ 10%] [32mBuilding CXX object version/CMakeFiles/moveit_version.dir/version.cpp.o[0m
[3.922s] [ 11%] [32m[1mLinking CXX executable moveit_version[0m
[4.073s] [ 11%] Built target moveit_version
[4.634s] [ 12%] [32m[1mLinking CXX static library libgtest_main.a[0m
[4.700s] [ 12%] Built target gtest_main
[5.012s] [ 13%] [32m[1mLinking CXX static library libgmock_main.a[0m
[5.071s] [ 13%] Built target gmock_main
[7.217s] [ 14%] [32m[1mLinking CXX shared library libmoveit_smoothing_base.so[0m
[7.552s] [ 14%] Built target moveit_smoothing_base
[8.118s] [ 15%] [32m[1mLinking CXX shared library libmoveit_utils.so[0m
[8.346s] [ 15%] Built target moveit_utils
[8.376s] [ 17%] [32mBuilding CXX object distance_field/CMakeFiles/moveit_distance_field.dir/src/distance_field.cpp.o[0m
[8.377s] [ 17%] [32mBuilding CXX object distance_field/CMakeFiles/moveit_distance_field.dir/src/propagation_distance_field.cpp.o[0m
[8.377s] [ 18%] [32mBuilding CXX object exceptions/CMakeFiles/moveit_exceptions.dir/src/exceptions.cpp.o[0m
[8.377s] [ 18%] [32mBuilding CXX object distance_field/CMakeFiles/moveit_distance_field.dir/src/find_internal_points.cpp.o[0m
[8.377s] [ 18%] [32mBuilding CXX object utils/test/CMakeFiles/logger_dut.dir/logger_dut.cpp.o[0m
[8.379s] [ 18%] [32mBuilding CXX object transforms/CMakeFiles/moveit_transforms.dir/src/transforms.cpp.o[0m
[9.617s] [ 19%] [32m[1mLinking CXX shared library libmoveit_exceptions.so[0m
[9.856s] [ 19%] Built target moveit_exceptions
[9.892s] [ 20%] [32mBuilding CXX object robot_model/CMakeFiles/moveit_robot_model.dir/src/aabb.cpp.o[0m
[9.893s] [ 20%] [32mBuilding CXX object robot_model/CMakeFiles/moveit_robot_model.dir/src/joint_model.cpp.o[0m
[9.893s] [ 20%] [32mBuilding CXX object robot_model/CMakeFiles/moveit_robot_model.dir/src/fixed_joint_model.cpp.o[0m
[9.893s] [ 21%] [32mBuilding CXX object robot_model/CMakeFiles/moveit_robot_model.dir/src/joint_model_group.cpp.o[0m
[9.893s] [ 22%] [32mBuilding CXX object robot_model/CMakeFiles/moveit_robot_model.dir/src/floating_joint_model.cpp.o[0m
[11.103s] [ 23%] [32mBuilding CXX object robot_model/CMakeFiles/moveit_robot_model.dir/src/link_model.cpp.o[0m
[13.046s] [ 23%] [32mBuilding CXX object robot_model/CMakeFiles/moveit_robot_model.dir/src/planar_joint_model.cpp.o[0m
[13.432s] [ 24%] [32m[1mLinking CXX static library libgtest.a[0m
[13.519s] [ 24%] Built target gtest
[13.539s] [ 25%] [32mBuilding CXX object robot_model/CMakeFiles/moveit_robot_model.dir/src/prismatic_joint_model.cpp.o[0m
[13.674s] [ 26%] [32m[1mLinking CXX executable logger_dut[0m
[13.958s] [ 26%] Built target logger_dut
[13.975s] [ 26%] [32mBuilding CXX object robot_model/CMakeFiles/moveit_robot_model.dir/src/revolute_joint_model.cpp.o[0m
[14.342s] [ 27%] [32mBuilding CXX object robot_model/CMakeFiles/moveit_robot_model.dir/src/robot_model.cpp.o[0m
[15.942s] [ 27%] [32m[1mLinking CXX static library libgmock.a[0m
[16.100s] [ 27%] Built target gmock
[20.339s] [ 28%] [32m[1mLinking CXX shared library libmoveit_transforms.so[0m
[20.562s] [ 28%] Built target moveit_transforms
[20.596s] [ 29%] [32mBuilding CXX object transforms/CMakeFiles/test_transforms.dir/test/test_transforms.cpp.o[0m
[21.056s] [ 29%] [32m[1mLinking CXX shared library libmoveit_distance_field.so[0m
[21.294s] [ 29%] Built target moveit_distance_field
[21.326s] [ 30%] [32mBuilding CXX object distance_field/CMakeFiles/test_distance_field.dir/test/test_distance_field.cpp.o[0m
[21.326s] [ 30%] [32mBuilding CXX object distance_field/CMakeFiles/test_voxel_grid.dir/test/test_voxel_grid.cpp.o[0m
[24.242s] [ 30%] [32m[1mLinking CXX executable test_transforms[0m
[24.451s] [ 30%] Built target test_transforms
[26.301s] [ 30%] [32m[1mLinking CXX executable test_voxel_grid[0m
[26.628s] [ 30%] Built target test_voxel_grid
[27.514s] [ 30%] [32m[1mLinking CXX shared library libmoveit_robot_model.so[0m
[27.681s] [ 30%] Built target moveit_robot_model
[27.706s] [ 31%] [32mBuilding CXX object kinematics_base/CMakeFiles/moveit_kinematics_base.dir/src/kinematics_base.cpp.o[0m
[27.706s] [ 32%] [32mBuilding CXX object online_signal_smoothing/CMakeFiles/moveit_butterworth_filter.dir/src/butterworth_filter.cpp.o[0m
[32.448s] [ 33%] [32m[1mLinking CXX executable test_distance_field[0m
[32.611s] [ 33%] [32m[1mLinking CXX shared library libmoveit_kinematics_base.so[0m
[32.725s] [ 33%] Built target test_distance_field
[32.742s] [ 33%] Built target moveit_kinematics_base
[32.770s] [ 34%] [32mBuilding CXX object robot_state/CMakeFiles/moveit_robot_state.dir/src/cartesian_interpolator.cpp.o[0m
[32.770s] [ 35%] [32mBuilding CXX object robot_state/CMakeFiles/moveit_robot_state.dir/src/attached_body.cpp.o[0m
[32.770s] [ 35%] [32mBuilding CXX object utils/CMakeFiles/moveit_test_utils.dir/src/robot_model_test_utils.cpp.o[0m
[32.772s] [ 35%] [32mBuilding CXX object robot_state/CMakeFiles/moveit_robot_state.dir/src/conversions.cpp.o[0m
[32.772s] [ 36%] [32mBuilding CXX object robot_state/CMakeFiles/moveit_robot_state.dir/src/robot_state.cpp.o[0m
[35.620s] [ 36%] [32m[1mLinking CXX shared library libmoveit_butterworth_filter.so[0m
[35.853s] [ 36%] Built target moveit_butterworth_filter
[35.887s] [ 36%] [32mBuilding CXX object online_signal_smoothing/CMakeFiles/test_butterworth_filter.dir/test/test_butterworth_filter.cpp.o[0m
[44.125s] [ 37%] [32m[1mLinking CXX executable test_butterworth_filter[0m
[44.349s] [ 37%] Built target test_butterworth_filter
[50.249s] [ 38%] [32m[1mLinking CXX shared library libmoveit_test_utils.so[0m
[50.481s] [ 38%] Built target moveit_test_utils
[50.514s] [ 39%] [32mBuilding CXX object robot_model/CMakeFiles/test_robot_model.dir/test/test.cpp.o[0m
[56.983s] [ 39%] [32m[1mLinking CXX executable test_robot_model[0m
[57.312s] [ 39%] Built target test_robot_model
[58.631s] [ 39%] [32m[1mLinking CXX shared library libmoveit_robot_state.so[0m
[58.818s] [ 39%] Built target moveit_robot_state
[58.855s] [ 40%] [32mBuilding CXX object kinematics_metrics/CMakeFiles/moveit_kinematics_metrics.dir/src/kinematics_metrics.cpp.o[0m
[58.855s] [ 41%] [32mBuilding CXX object online_signal_smoothing/CMakeFiles/moveit_ruckig_filter.dir/src/ruckig_filter.cpp.o[0m
[58.856s] [ 41%] [32mBuilding CXX object collision_detection/CMakeFiles/moveit_collision_detection.dir/src/collision_common.cpp.o[0m
[58.856s] [ 42%] [32mBuilding CXX object dynamics_solver/CMakeFiles/moveit_dynamics_solver.dir/src/dynamics_solver.cpp.o[0m
[58.856s] [ 42%] [32mBuilding CXX object online_signal_smoothing/CMakeFiles/moveit_acceleration_filter.dir/src/acceleration_filter.cpp.o[0m
[58.856s] [ 43%] [32mBuilding CXX object collision_detection/CMakeFiles/moveit_collision_detection.dir/src/allvalid/collision_env_allvalid.cpp.o[0m
[58.864s] [ 44%] [32mBuilding CXX object robot_state/CMakeFiles/test_robot_state.dir/test/robot_state_test.cpp.o[0m
[58.865s] [ 44%] [32mBuilding CXX object robot_state/CMakeFiles/test_cartesian_interpolator.dir/test/test_cartesian_interpolator.cpp.o[0m
[58.867s] [ 44%] [32mBuilding CXX object robot_state/CMakeFiles/test_robot_state_complex.dir/test/test_kinematic_complex.cpp.o[0m
[58.867s] [ 45%] [32mBuilding CXX object robot_state/CMakeFiles/test_aabb.dir/test/test_aabb.cpp.o[0m
[58.871s] [ 46%] [32mBuilding CXX object robot_trajectory/CMakeFiles/moveit_robot_trajectory.dir/src/robot_trajectory.cpp.o[0m
[58.873s] [ 46%] [32mBuilding CXX object robot_state/CMakeFiles/robot_state_benchmark.dir/test/robot_state_benchmark.cpp.o[0m
[71.453s] [ 47%] [32mBuilding CXX object collision_detection/CMakeFiles/moveit_collision_detection.dir/src/collision_matrix.cpp.o[0m
[72.665s] [ 48%] [32mBuilding CXX object collision_detection/CMakeFiles/moveit_collision_detection.dir/src/collision_octomap_filter.cpp.o[0m
[74.599s] [ 49%] [32m[1mLinking CXX executable test_cartesian_interpolator[0m
[75.652s] [ 49%] Built target test_cartesian_interpolator
[75.690s] [ 49%] [32mBuilding CXX object collision_detection/CMakeFiles/moveit_collision_detection.dir/src/collision_tools.cpp.o[0m
[77.335s] [ 49%] [32m[1mLinking CXX shared library libmoveit_dynamics_solver.so[0m
[77.470s] [ 50%] [32m[1mLinking CXX executable robot_state_benchmark[0m
[77.988s] [ 50%] Built target moveit_dynamics_solver
[78.046s] [ 51%] [32mBuilding CXX object collision_detection/CMakeFiles/moveit_collision_detection.dir/src/world.cpp.o[0m
[78.424s] [ 51%] Built target robot_state_benchmark
[78.485s] [ 51%] [32mBuilding CXX object collision_detection/CMakeFiles/moveit_collision_detection.dir/src/world_diff.cpp.o[0m
[80.036s] [ 52%] [32m[1mLinking CXX executable test_robot_state_complex[0m
[80.996s] [ 52%] Built target test_robot_state_complex
[81.024s] [ 53%] [32mBuilding CXX object collision_detection/CMakeFiles/moveit_collision_detection.dir/src/collision_env.cpp.o[0m
[82.169s] [ 53%] [32m[1mLinking CXX executable test_aabb[0m
[82.670s] [ 53%] [32m[1mLinking CXX shared library libmoveit_ruckig_filter.so[0m
[83.292s] [ 53%] Built target test_aabb
[83.334s] [ 53%] [32mBuilding CXX object collision_detection/CMakeFiles/moveit_collision_detection.dir/src/collision_plugin_cache.cpp.o[0m
[83.367s] [ 53%] Built target moveit_ruckig_filter
[83.892s] [ 54%] [32m[1mLinking CXX shared library libmoveit_acceleration_filter.so[0m
[84.434s] [ 54%] Built target moveit_acceleration_filter
[84.504s] [ 55%] [32mBuilding CXX object online_signal_smoothing/CMakeFiles/test_acceleration_filter.dir/test/test_acceleration_filter.cpp.o[0m
[85.202s] [ 55%] [32m[1mLinking CXX shared library libmoveit_robot_trajectory.so[0m
[85.731s] [ 55%] Built target moveit_robot_trajectory
[85.793s] [ 55%] [32mBuilding CXX object trajectory_processing/CMakeFiles/moveit_trajectory_processing.dir/src/ruckig_traj_smoothing.cpp.o[0m
[85.793s] [ 56%] [32mBuilding CXX object trajectory_processing/CMakeFiles/moveit_trajectory_processing.dir/src/time_optimal_trajectory_generation.cpp.o[0m
[85.793s] [ 56%] [32mBuilding CXX object robot_trajectory/CMakeFiles/test_robot_trajectory.dir/test/test_robot_trajectory.cpp.o[0m
[85.793s] [ 56%] [32mBuilding CXX object trajectory_processing/CMakeFiles/moveit_trajectory_processing.dir/src/trajectory_tools.cpp.o[0m
[96.239s] [ 57%] [32m[1mLinking CXX executable test_robot_state[0m
[96.987s] [ 57%] Built target test_robot_state
[103.363s] [ 57%] [32m[1mLinking CXX shared library libmoveit_kinematics_metrics.so[0m
[103.633s] [ 57%] Built target moveit_kinematics_metrics
[104.724s] [ 58%] [32m[1mLinking CXX shared library libmoveit_trajectory_processing.so[0m
[104.985s] [ 58%] Built target moveit_trajectory_processing
[105.023s] [ 59%] [32mBuilding CXX object trajectory_processing/CMakeFiles/test_ruckig_traj_smoothing.dir/test/test_ruckig_traj_smoothing.cpp.o[0m
[105.023s] [ 59%] [32mBuilding CXX object trajectory_processing/CMakeFiles/robot_trajectory_benchmark.dir/test/robot_trajectory_benchmark.cpp.o[0m
[105.024s] [ 59%] [32mBuilding CXX object trajectory_processing/CMakeFiles/test_time_optimal_trajectory_generation.dir/test/test_time_optimal_trajectory_generation.cpp.o[0m
[105.487s] [ 59%] [32m[1mLinking CXX executable test_acceleration_filter[0m
[105.912s] [ 59%] Built target test_acceleration_filter
[106.127s] [ 60%] [32m[1mLinking CXX executable test_robot_trajectory[0m
[106.470s] [ 60%] Built target test_robot_trajectory
[108.862s] [ 61%] [32m[1mLinking CXX shared library libmoveit_collision_detection.so[0m
[109.138s] [ 61%] Built target moveit_collision_detection
[109.177s] [ 63%] [32mBuilding CXX object collision_detection_bullet/CMakeFiles/moveit_collision_detection_bullet.dir/src/bullet_integration/bullet_cast_bvh_manager.cpp.o[0m
[109.178s] [ 63%] [32mBuilding CXX object collision_detection_bullet/CMakeFiles/moveit_collision_detection_bullet.dir/src/bullet_integration/bullet_discrete_bvh_manager.cpp.o[0m
[109.178s] [ 63%] [32mBuilding CXX object collision_detection_bullet/CMakeFiles/moveit_collision_detection_bullet.dir/src/bullet_integration/bullet_utils.cpp.o[0m
[109.178s] [ 64%] [32mBuilding CXX object collision_detection/CMakeFiles/test_world_diff.dir/test/test_world_diff.cpp.o[0m
[109.178s] [ 65%] [32mBuilding CXX object collision_detection_bullet/CMakeFiles/moveit_collision_detection_bullet.dir/src/bullet_integration/bullet_bvh_manager.cpp.o[0m
[109.178s] [ 65%] [32mBuilding CXX object collision_detection_bullet/CMakeFiles/moveit_collision_detection_bullet.dir/src/collision_env_bullet.cpp.o[0m
[109.178s] [ 66%] [32mBuilding CXX object collision_detection/CMakeFiles/test_all_valid.dir/test/test_all_valid.cpp.o[0m
[109.178s] [ 67%] [32mBuilding CXX object collision_detection_fcl/CMakeFiles/moveit_collision_detection_fcl.dir/src/collision_common.cpp.o[0m
[109.181s] [ 68%] [32mBuilding CXX object collision_detection/CMakeFiles/test_world.dir/test/test_world.cpp.o[0m
[120.666s] [ 68%] [32m[1mLinking CXX executable robot_trajectory_benchmark[0m
[121.663s] [ 68%] Built target robot_trajectory_benchmark
[121.721s] [ 68%] [32mBuilding CXX object collision_detection_bullet/CMakeFiles/moveit_collision_detection_bullet.dir/src/bullet_integration/contact_checker_common.cpp.o[0m
[124.807s] [ 69%] [32m[1mLinking CXX executable test_ruckig_traj_smoothing[0m
[125.314s] [ 69%] [32m[1mLinking CXX executable test_world_diff[0m
[125.932s] [ 69%] Built target test_ruckig_traj_smoothing
[125.965s] [ 70%] [32mBuilding CXX object collision_detection_bullet/CMakeFiles/moveit_collision_detection_bullet.dir/src/bullet_integration/ros_bullet_utils.cpp.o[0m
[126.233s] [ 70%] Built target test_world_diff
[126.252s] [ 70%] [32mBuilding CXX object collision_detection_fcl/CMakeFiles/moveit_collision_detection_fcl.dir/src/collision_env_fcl.cpp.o[0m
[128.410s] [ 70%] [32m[1mLinking CXX executable test_world[0m
[129.224s] [ 70%] Built target test_world
[129.538s] [ 70%] [32m[1mLinking CXX executable test_all_valid[0m
[130.065s] [ 70%] Built target test_all_valid
[130.501s] [ 71%] [32m[1mLinking CXX executable test_time_optimal_trajectory_generation[0m
[130.997s] [ 71%] Built target test_time_optimal_trajectory_generation
[136.179s] [ 71%] [32m[1mLinking CXX shared library libmoveit_collision_detection_bullet.so[0m
[136.401s] [ 71%] Built target moveit_collision_detection_bullet
[136.434s] [ 72%] [32mBuilding CXX object collision_detection_bullet/CMakeFiles/test_bullet_collision_detection_panda.dir/test/test_bullet_collision_detection_panda.cpp.o[0m
[136.434s] [ 72%] [32mBuilding CXX object collision_detection_bullet/CMakeFiles/test_bullet_collision_detection.dir/test/test_bullet_collision_detection_pr2.cpp.o[0m
[136.434s] [ 72%] [32mBuilding CXX object collision_detection_bullet/CMakeFiles/test_bullet_continuous_collision_checking.dir/test/test_bullet_continuous_collision_checking.cpp.o[0m
[138.971s] [ 73%] [32m[1mLinking CXX shared library libmoveit_collision_detection_fcl.so[0m
[139.239s] [ 73%] Built target moveit_collision_detection_fcl
[139.270s] [ 73%] [32mBuilding CXX object collision_detection_fcl/CMakeFiles/test_fcl_collision_detection.dir/test/test_fcl_collision_detection_pr2.cpp.o[0m
[139.272s] [ 73%] [32mBuilding CXX object collision_detection_fcl/CMakeFiles/test_fcl_collision_detection_panda.dir/test/test_fcl_collision_detection_panda.cpp.o[0m
[139.274s] [ 73%] [32mBuilding CXX object collision_detection_fcl/CMakeFiles/test_fcl_collision_env.dir/test/test_fcl_env.cpp.o[0m
[139.276s] [ 73%] [32mBuilding CXX object kinematic_constraints/CMakeFiles/moveit_kinematic_constraints.dir/src/kinematic_constraint.cpp.o[0m
[139.278s] [ 74%] [32mBuilding CXX object kinematic_constraints/CMakeFiles/moveit_kinematic_constraints.dir/src/utils.cpp.o[0m
[149.321s] [ 75%] [32m[1mLinking CXX executable test_bullet_collision_detection_panda[0m
[150.027s] [ 75%] Built target test_bullet_collision_detection_panda
[154.902s] [ 76%] [32m[1mLinking CXX executable test_bullet_collision_detection[0m
[155.716s] [ 76%] Built target test_bullet_collision_detection
[156.520s] [ 77%] [32m[1mLinking CXX executable test_fcl_collision_env[0m
[157.083s] [ 77%] Built target test_fcl_collision_env
[157.440s] [ 78%] [32m[1mLinking CXX executable test_bullet_continuous_collision_checking[0m
[157.842s] [ 78%] Built target test_bullet_continuous_collision_checking
[158.736s] [ 79%] [32m[1mLinking CXX executable test_fcl_collision_detection[0m
[159.182s] [ 79%] Built target test_fcl_collision_detection
[159.874s] [ 80%] [32m[1mLinking CXX executable test_fcl_collision_detection_panda[0m
[160.192s] [ 80%] Built target test_fcl_collision_detection_panda
[162.601s] [ 80%] [32m[1mLinking CXX shared library libmoveit_kinematic_constraints.so[0m
[162.782s] [ 80%] Built target moveit_kinematic_constraints
[162.806s] [ 81%] [32mBuilding CXX object planning_scene/CMakeFiles/moveit_planning_scene.dir/src/planning_scene.cpp.o[0m
[162.806s] [ 82%] [32mBuilding CXX object kinematic_constraints/CMakeFiles/test_constraints.dir/test/test_constraints.cpp.o[0m
[162.806s] [ 83%] [32mBuilding CXX object kinematic_constraints/CMakeFiles/test_orientation_constraints.dir/test/test_orientation_constraints.cpp.o[0m
[174.733s] [ 83%] [32m[1mLinking CXX executable test_orientation_constraints[0m
[175.121s] [ 83%] Built target test_orientation_constraints
[176.675s] [ 84%] [32m[1mLinking CXX executable test_constraints[0m
[176.989s] [ 84%] Built target test_constraints
[182.898s] [ 84%] [32m[1mLinking CXX shared library libmoveit_planning_scene.so[0m
[183.062s] [ 84%] Built target moveit_planning_scene
[183.086s] [ 85%] [32mBuilding CXX object collision_detection_bullet/CMakeFiles/collision_detector_bullet_plugin.dir/src/collision_detector_bullet_plugin_loader.cpp.o[0m
[183.086s] [ 86%] [32mBuilding CXX object planning_interface/CMakeFiles/moveit_planning_interface.dir/src/planning_interface.cpp.o[0m
[183.087s] [ 85%] [32mBuilding CXX object collision_distance_field/CMakeFiles/moveit_collision_distance_field.dir/src/collision_env_distance_field.cpp.o[0m
[183.087s] [ 88%] [32mBuilding CXX object collision_distance_field/CMakeFiles/moveit_collision_distance_field.dir/src/collision_distance_field_types.cpp.o[0m
[183.088s] [ 88%] [32mBuilding CXX object planning_scene/CMakeFiles/test_planning_scene.dir/test/test_planning_scene.cpp.o[0m
[183.088s] [ 88%] [32mBuilding CXX object collision_detection_fcl/CMakeFiles/collision_detector_fcl_plugin.dir/src/collision_detector_fcl_plugin_loader.cpp.o[0m
[183.088s] [ 89%] [32mBuilding CXX object planning_interface/CMakeFiles/moveit_planning_interface.dir/src/planning_response.cpp.o[0m
[183.088s] [ 89%] [32mBuilding CXX object collision_distance_field/CMakeFiles/moveit_collision_distance_field.dir/src/collision_common_distance_field.cpp.o[0m
[183.088s] [ 89%] [32mBuilding CXX object collision_distance_field/CMakeFiles/moveit_collision_distance_field.dir/src/collision_env_hybrid.cpp.o[0m
[183.090s] [ 90%] [32mBuilding CXX object planning_scene/CMakeFiles/test_multi_threaded.dir/test/test_multi_threaded.cpp.o[0m
[183.093s] [ 90%] [32mBuilding CXX object constraint_samplers/CMakeFiles/moveit_constraint_samplers.dir/src/constraint_sampler.cpp.o[0m
[183.098s] [ 91%] [32mBuilding CXX object planning_scene/CMakeFiles/test_collision_objects.dir/test/test_collision_objects.cpp.o[0m
[196.208s] In file included from [01m[K/home/ashmu/ws_ros2/src/moveit2/moveit_core/planning_interface/include/moveit/planning_interface/planning_response.hpp:40[m[K,
[196.208s]                  from [01m[K/home/ashmu/ws_ros2/src/moveit2/moveit_core/planning_interface/include/moveit/planning_interface/planning_interface.hpp:41[m[K,
[196.208s]                  from [01m[K/home/ashmu/ws_ros2/src/moveit2/moveit_core/planning_interface/src/planning_interface.cpp:37[m[K:
[196.208s] [01m[K/home/ashmu/ws_ros2/src/moveit2/moveit_core/utils/include/moveit/utils/moveit_error_code.hpp:50:72:[m[K [01;31m[Kerror: [m[Kâ€˜[01m[KUNDEFINED[m[Kâ€™ is not a member of â€˜[01m[Kmoveit_msgs::msg::MoveItErrorCodes[m[Kâ€™ {aka â€˜[01m[Kmoveit_msgs::msg::MoveItErrorCodes_<std::allocator<void> >[m[Kâ€™}
[196.208s]    50 |   MoveItErrorCode(const int code = moveit_msgs::msg::MoveItErrorCodes::[01;31m[KUNDEFINED[m[K, const std::string& error_message = "",
[196.209s]       |                                                                        [01;31m[K^~~~~~~~~[m[K
[196.230s] [01m[K/home/ashmu/ws_ros2/src/moveit2/moveit_core/utils/include/moveit/utils/moveit_error_code.hpp:[m[K In constructor â€˜[01m[Kmoveit::core::MoveItErrorCode::MoveItErrorCode(int, const string&, const string&)[m[Kâ€™:
[196.231s] [01m[K/home/ashmu/ws_ros2/src/moveit2/moveit_core/utils/include/moveit/utils/moveit_error_code.hpp:54:5:[m[K [01;31m[Kerror: [m[Kâ€˜[01m[Kmessage[m[Kâ€™ was not declared in this scope
[196.231s]    54 |     [01;31m[Kmessage[m[K = error_message;
[196.231s]       |     [01;31m[K^~~~~~~[m[K
[196.249s] [01m[K/home/ashmu/ws_ros2/src/moveit2/moveit_core/utils/include/moveit/utils/moveit_error_code.hpp:55:5:[m[K [01;31m[Kerror: [m[Kâ€˜[01m[Ksource[m[Kâ€™ was not declared in this scope
[196.249s]    55 |     [01;31m[Ksource[m[K = error_source;
[196.249s]       |     [01;31m[K^~~~~~[m[K
[196.275s] [01m[K/home/ashmu/ws_ros2/src/moveit2/moveit_core/utils/include/moveit/utils/moveit_error_code.hpp:[m[K In constructor â€˜[01m[Kmoveit::core::MoveItErrorCode::MoveItErrorCode(const MoveItErrorCodes&)[m[Kâ€™:
[196.276s] [01m[K/home/ashmu/ws_ros2/src/moveit2/moveit_core/utils/include/moveit/utils/moveit_error_code.hpp:60:5:[m[K [01;31m[Kerror: [m[Kâ€˜[01m[Kmessage[m[Kâ€™ was not declared in this scope
[196.276s]    60 |     [01;31m[Kmessage[m[K = code.message;
[196.276s]       |     [01;31m[K^~~~~~~[m[K
[196.276s] [01m[K/home/ashmu/ws_ros2/src/moveit2/moveit_core/utils/include/moveit/utils/moveit_error_code.hpp:60:20:[m[K [01;31m[Kerror: [m[Kâ€˜[01m[Kconst MoveItErrorCodes[m[Kâ€™ {aka â€˜[01m[Kconst struct moveit_msgs::msg::MoveItErrorCodes_<std::allocator<void> >[m[Kâ€™} has no member named â€˜[01m[Kmessage[m[Kâ€™
[196.276s]    60 |     message = code.[01;31m[Kmessage[m[K;
[196.277s]       |                    [01;31m[K^~~~~~~[m[K
[196.300s] [01m[K/home/ashmu/ws_ros2/src/moveit2/moveit_core/utils/include/moveit/utils/moveit_error_code.hpp:61:5:[m[K [01;31m[Kerror: [m[Kâ€˜[01m[Ksource[m[Kâ€™ was not declared in this scope
[196.300s]    61 |     [01;31m[Ksource[m[K = code.source;
[196.300s]       |     [01;31m[K^~~~~~[m[K
[196.300s] [01m[K/home/ashmu/ws_ros2/src/moveit2/moveit_core/utils/include/moveit/utils/moveit_error_code.hpp:61:19:[m[K [01;31m[Kerror: [m[Kâ€˜[01m[Kconst MoveItErrorCodes[m[Kâ€™ {aka â€˜[01m[Kconst struct moveit_msgs::msg::MoveItErrorCodes_<std::allocator<void> >[m[Kâ€™} has no member named â€˜[01m[Ksource[m[Kâ€™
[196.300s]    61 |     source = code.[01;31m[Ksource[m[K;
[196.300s]       |                   [01;31m[K^~~~~~[m[K
[196.301s] [01m[K/home/ashmu/ws_ros2/src/moveit2/moveit_core/utils/include/moveit/utils/moveit_error_code.hpp:[m[K In function â€˜[01m[Kstd::string moveit::core::errorCodeToString(const moveit::core::MoveItErrorCode&)[m[Kâ€™:
[196.301s] [01m[K/home/ashmu/ws_ros2/src/moveit2/moveit_core/utils/include/moveit/utils/moveit_error_code.hpp:88:41:[m[K [01;31m[Kerror: [m[Kâ€˜[01m[KUNDEFINED[m[Kâ€™ is not a member of â€˜[01m[Kmoveit::core::MoveItErrorCode[m[Kâ€™
[196.301s]    88 |     case moveit::core::MoveItErrorCode::[01;31m[KUNDEFINED[m[K:
[196.301s]       |                                         [01;31m[K^~~~~~~~~[m[K
[196.366s] In file included from [01m[K/home/ashmu/ws_ros2/src/moveit2/moveit_core/planning_interface/include/moveit/planning_interface/planning_response.hpp:40[m[K,
[196.366s]                  from [01m[K/home/ashmu/ws_ros2/src/moveit2/moveit_core/planning_interface/src/planning_response.cpp:37[m[K:
[196.367s] [01m[K/home/ashmu/ws_ros2/src/moveit2/moveit_core/utils/include/moveit/utils/moveit_error_code.hpp:50:72:[m[K [01;31m[Kerror: [m[Kâ€˜[01m[KUNDEFINED[m[Kâ€™ is not a member of â€˜[01m[Kmoveit_msgs::msg::MoveItErrorCodes[m[Kâ€™ {aka â€˜[01m[Kmoveit_msgs::msg::MoveItErrorCodes_<std::allocator<void> >[m[Kâ€™}
[196.367s]    50 |   MoveItErrorCode(const int code = moveit_msgs::msg::MoveItErrorCodes::[01;31m[KUNDEFINED[m[K, const std::string& error_message = "",
[196.367s]       |                                                                        [01;31m[K^~~~~~~~~[m[K
[196.399s] [01m[K/home/ashmu/ws_ros2/src/moveit2/moveit_core/utils/include/moveit/utils/moveit_error_code.hpp:[m[K In constructor â€˜[01m[Kmoveit::core::MoveItErrorCode::MoveItErrorCode(int, const string&, const string&)[m[Kâ€™:
[196.399s] [01m[K/home/ashmu/ws_ros2/src/moveit2/moveit_core/utils/include/moveit/utils/moveit_error_code.hpp:54:5:[m[K [01;31m[Kerror: [m[Kâ€˜[01m[Kmessage[m[Kâ€™ was not declared in this scope
[196.399s]    54 |     [01;31m[Kmessage[m[K = error_message;
[196.399s]       |     [01;31m[K^~~~~~~[m[K
[196.459s] [01m[K/home/ashmu/ws_ros2/src/moveit2/moveit_core/utils/include/moveit/utils/moveit_error_code.hpp:55:5:[m[K [01;31m[Kerror: [m[Kâ€˜[01m[Ksource[m[Kâ€™ was not declared in this scope
[196.460s]    55 |     [01;31m[Ksource[m[K = error_source;
[196.460s]       |     [01;31m[K^~~~~~[m[K
[196.485s] [01m[K/home/ashmu/ws_ros2/src/moveit2/moveit_core/utils/include/moveit/utils/moveit_error_code.hpp:[m[K In constructor â€˜[01m[Kmoveit::core::MoveItErrorCode::MoveItErrorCode(const MoveItErrorCodes&)[m[Kâ€™:
[196.485s] [01m[K/home/ashmu/ws_ros2/src/moveit2/moveit_core/utils/include/moveit/utils/moveit_error_code.hpp:60:5:[m[K [01;31m[Kerror: [m[Kâ€˜[01m[Kmessage[m[Kâ€™ was not declared in this scope
[196.485s]    60 |     [01;31m[Kmessage[m[K = code.message;
[196.485s]       |     [01;31m[K^~~~~~~[m[K
[196.488s] [01m[K/home/ashmu/ws_ros2/src/moveit2/moveit_core/utils/include/moveit/utils/moveit_error_code.hpp:60:20:[m[K [01;31m[Kerror: [m[Kâ€˜[01m[Kconst MoveItErrorCodes[m[Kâ€™ {aka â€˜[01m[Kconst struct moveit_msgs::msg::MoveItErrorCodes_<std::allocator<void> >[m[Kâ€™} has no member named â€˜[01m[Kmessage[m[Kâ€™
[196.488s]    60 |     message = code.[01;31m[Kmessage[m[K;
[196.488s]       |                    [01;31m[K^~~~~~~[m[K
[196.512s] [01m[K/home/ashmu/ws_ros2/src/moveit2/moveit_core/utils/include/moveit/utils/moveit_error_code.hpp:61:5:[m[K [01;31m[Kerror: [m[Kâ€˜[01m[Ksource[m[Kâ€™ was not declared in this scope
[196.513s]    61 |     [01;31m[Ksource[m[K = code.source;
[196.513s]       |     [01;31m[K^~~~~~[m[K
[196.513s] [01m[K/home/ashmu/ws_ros2/src/moveit2/moveit_core/utils/include/moveit/utils/moveit_error_code.hpp:61:19:[m[K [01;31m[Kerror: [m[Kâ€˜[01m[Kconst MoveItErrorCodes[m[Kâ€™ {aka â€˜[01m[Kconst struct moveit_msgs::msg::MoveItErrorCodes_<std::allocator<void> >[m[Kâ€™} has no member named â€˜[01m[Ksource[m[Kâ€™
[196.513s]    61 |     source = code.[01;31m[Ksource[m[K;
[196.513s]       |                   [01;31m[K^~~~~~[m[K
[196.513s] [01m[K/home/ashmu/ws_ros2/src/moveit2/moveit_core/utils/include/moveit/utils/moveit_error_code.hpp:[m[K In function â€˜[01m[Kstd::string moveit::core::errorCodeToString(const moveit::core::MoveItErrorCode&)[m[Kâ€™:
[196.513s] [01m[K/home/ashmu/ws_ros2/src/moveit2/moveit_core/utils/include/moveit/utils/moveit_error_code.hpp:88:41:[m[K [01;31m[Kerror: [m[Kâ€˜[01m[KUNDEFINED[m[Kâ€™ is not a member of â€˜[01m[Kmoveit::core::MoveItErrorCode[m[Kâ€™
[196.514s]    88 |     case moveit::core::MoveItErrorCode::[01;31m[KUNDEFINED[m[K:
[196.514s]       |                                         [01;31m[K^~~~~~~~~[m[K
[202.676s] [ 92%] [32mBuilding CXX object constraint_samplers/CMakeFiles/moveit_constraint_samplers.dir/src/constraint_sampler_manager.cpp.o[0m
[203.147s] gmake[2]: *** [planning_interface/CMakeFiles/moveit_planning_interface.dir/build.make:90: planning_interface/CMakeFiles/moveit_planning_interface.dir/src/planning_response.cpp.o] Error 1
[203.147s] gmake[2]: *** Waiting for unfinished jobs....
[203.175s] [ 92%] [32mBuilding CXX object constraint_samplers/CMakeFiles/moveit_constraint_samplers.dir/src/constraint_sampler_tools.cpp.o[0m
[204.254s] [ 93%] [32mBuilding CXX object constraint_samplers/CMakeFiles/moveit_constraint_samplers.dir/src/default_constraint_samplers.cpp.o[0m
[205.655s] gmake[2]: *** [planning_interface/CMakeFiles/moveit_planning_interface.dir/build.make:76: planning_interface/CMakeFiles/moveit_planning_interface.dir/src/planning_interface.cpp.o] Error 1
[205.655s] gmake[1]: *** [CMakeFiles/Makefile2:2020: planning_interface/CMakeFiles/moveit_planning_interface.dir/all] Error 2
[205.656s] gmake[1]: *** Waiting for unfinished jobs....
[205.715s] [ 94%] [32mBuilding CXX object constraint_samplers/CMakeFiles/moveit_constraint_samplers.dir/src/union_constraint_sampler.cpp.o[0m
[205.769s] [ 95%] [32m[1mLinking CXX shared library libcollision_detector_bullet_plugin.so[0m
[206.399s] [ 95%] Built target collision_detector_bullet_plugin
[208.742s] [ 95%] [32m[1mLinking CXX executable test_multi_threaded[0m
[209.731s] [ 95%] Built target test_multi_threaded
[209.782s] [ 96%] [32m[1mLinking CXX shared library libcollision_detector_fcl_plugin.so[0m
[210.287s] [ 96%] Built target collision_detector_fcl_plugin
[217.451s] [ 96%] [32m[1mLinking CXX executable test_collision_objects[0m
[218.315s] [ 96%] Built target test_collision_objects
[224.290s] [ 97%] [32m[1mLinking CXX shared library libmoveit_collision_distance_field.so[0m
[224.654s] [ 97%] Built target moveit_collision_distance_field
[227.145s] [ 97%] [32m[1mLinking CXX executable test_planning_scene[0m
[227.538s] [ 97%] Built target test_planning_scene
[228.020s] [ 97%] [32m[1mLinking CXX shared library libmoveit_constraint_samplers.so[0m
[228.213s] [ 97%] Built target moveit_constraint_samplers
[228.216s] gmake: *** [Makefile:146: all] Error 2
[228.219s] Invoked command in '/home/ashmu/ws_ros2/build/moveit_core' returned '2': AMENT_PREFIX_PATH=/home/ashmu/ws_ros2/install/moveit_common:${AMENT_PREFIX_PATH} CMAKE_PREFIX_PATH=/home/ashmu/ws_ros2/install/moveit_common:/opt/ros/humble /usr/bin/cmake --build /home/ashmu/ws_ros2/build/moveit_core -- -j12 -l12
