-- Found moveit_common: 2.13.0 (/home/ashmu/ws_ros2/install/moveit_common/share/moveit_common/cmake)
-- Found ament_cmake: 1.3.11 (/opt/ros/humble/share/ament_cmake/cmake)
-- Override CMake install command with custom implementation using symlinks instead of copying resources
[0mmoveit_core: You did not request a specific build type: Choosing 'Release' for maximum performance[0m
-- Found angles: 1.15.0 (/opt/ros/humble/share/angles/cmake)
-- Found common_interfaces: 4.2.4 (/opt/ros/humble/share/common_interfaces/cmake)
-- Found eigen_stl_containers: 1.1.0 (/opt/ros/humble/share/eigen_stl_containers/cmake)
-- Found eigen3_cmake_module: 0.1.1 (/opt/ros/humble/share/eigen3_cmake_module/cmake)
-- Found generate_parameter_library: 0.4.0 (/opt/ros/humble/share/generate_parameter_library/cmake)
-- Found parameter_traits: 0.4.0 (/opt/ros/humble/share/parameter_traits/cmake)
-- Found rosidl_generator_c: 3.1.6 (/opt/ros/humble/share/rosidl_generator_c/cmake)
-- Found rosidl_adapter: 3.1.6 (/opt/ros/humble/share/rosidl_adapter/cmake)
-- Found rosidl_generator_cpp: 3.1.6 (/opt/ros/humble/share/rosidl_generator_cpp/cmake)
-- Using all available rosidl_typesupport_c: rosidl_typesupport_fastrtps_c;rosidl_typesupport_introspection_c
-- Using all available rosidl_typesupport_cpp: rosidl_typesupport_fastrtps_cpp;rosidl_typesupport_introspection_cpp
-- Found rmw_implementation_cmake: 6.1.2 (/opt/ros/humble/share/rmw_implementation_cmake/cmake)
-- Found rmw_fastrtps_cpp: 6.2.7 (/opt/ros/humble/share/rmw_fastrtps_cpp/cmake)
-- Using RMW implementation 'rmw_fastrtps_cpp' as default
-- Found rclcpp_lifecycle: 16.0.11 (/opt/ros/humble/share/rclcpp_lifecycle/cmake)
-- Found geometric_shapes: 2.3.2 (/opt/ros/humble/share/geometric_shapes/cmake)
-- Found Boost: /usr/lib/x86_64-linux-gnu/cmake/Boost-1.74.0/BoostConfig.cmake (found version "1.74.0") found components: filesystem 
-- library: /usr/lib/x86_64-linux-gnu/libcurl.so
-- Found kdl_parser: 2.6.4 (/opt/ros/humble/share/kdl_parser/cmake)
-- Ensuring Eigen3 include directory is part of orocos-kdl CMake target
-- Found moveit_msgs: 2.2.1 (/opt/ros/humble/share/moveit_msgs/cmake)
-- Found pluginlib: 5.1.0 (/opt/ros/humble/share/pluginlib/cmake)
-- Found srdfdom: 2.0.7 (/opt/ros/humble/share/srdfdom/cmake)
-- Found tf2_eigen: 0.25.12 (/opt/ros/humble/share/tf2_eigen/cmake)
-- Found tf2_geometry_msgs: 0.25.12 (/opt/ros/humble/share/tf2_geometry_msgs/cmake)
-- Found tf2_kdl: 0.25.12 (/opt/ros/humble/share/tf2_kdl/cmake)
-- Found Boost: /usr/lib/x86_64-linux-gnu/cmake/Boost-1.74.0/BoostConfig.cmake (found version "1.74.0") found components: chrono date_time filesystem iostreams program_options regex serialization system thread 
-- Found ament_cmake_gtest: 1.3.11 (/opt/ros/humble/share/ament_cmake_gtest/cmake)
-- Found gtest sources under '/opt/ros/humble/src/gtest_vendor': C++ tests using 'Google Test' will be built
-- Found gtest sources under '/opt/ros/humble/src/gtest_vendor': C++ tests using 'Google Test' will be built
-- Found gtest sources under '/opt/ros/humble/src/gtest_vendor': C++ tests using 'Google Test' will be built
-- Found ament_cmake_gtest: 1.3.11 (/opt/ros/humble/share/ament_cmake_gtest/cmake)
-- Found gtest sources under '/opt/ros/humble/src/gtest_vendor': C++ tests using 'Google Test' will be built
-- Found ament_cmake_gmock: 1.3.11 (/opt/ros/humble/share/ament_cmake_gmock/cmake)
-- Found gmock sources under '/opt/ros/humble/src/gmock_vendor': C++ tests using 'Google Mock' will be built
-- Found ament_cmake_gtest: 1.3.11 (/opt/ros/humble/share/ament_cmake_gtest/cmake)
-- Found gtest sources under '/opt/ros/humble/src/gtest_vendor': C++ tests using 'Google Test' will be built
-- Found ament_cmake_gtest: 1.3.11 (/opt/ros/humble/share/ament_cmake_gtest/cmake)
-- Found gtest sources under '/opt/ros/humble/src/gtest_vendor': C++ tests using 'Google Test' will be built
-- Found ament_cmake_gtest: 1.3.11 (/opt/ros/humble/share/ament_cmake_gtest/cmake)
-- Found gtest sources under '/opt/ros/humble/src/gtest_vendor': C++ tests using 'Google Test' will be built
-- Found ament_cmake_gtest: 1.3.11 (/opt/ros/humble/share/ament_cmake_gtest/cmake)
-- Found gtest sources under '/opt/ros/humble/src/gtest_vendor': C++ tests using 'Google Test' will be built
-- Found ament_cmake_gtest: 1.3.11 (/opt/ros/humble/share/ament_cmake_gtest/cmake)
-- Found gtest sources under '/opt/ros/humble/src/gtest_vendor': C++ tests using 'Google Test' will be built
-- Found ament_cmake_gtest: 1.3.11 (/opt/ros/humble/share/ament_cmake_gtest/cmake)
-- Found gtest sources under '/opt/ros/humble/src/gtest_vendor': C++ tests using 'Google Test' will be built
-- Found ament_cmake_google_benchmark: 1.3.11 (/opt/ros/humble/share/ament_cmake_google_benchmark/cmake)
-- Found ament_cmake_gtest: 1.3.11 (/opt/ros/humble/share/ament_cmake_gtest/cmake)
-- Found gmock sources under '/opt/ros/humble/src/gmock_vendor': C++ tests using 'Google Mock' will be built
-- Found gtest sources under '/opt/ros/humble/src/gtest_vendor': C++ tests using 'Google Test' will be built
-- Performance tests are disabled by default, so Google Benchmark tests will be skipped. To enable these tests, set the CMake variable 'AMENT_RUN_PERFORMANCE_TESTS'.
-- Found gtest sources under '/opt/ros/humble/src/gtest_vendor': C++ tests using 'Google Test' will be built
-- Found ament_cmake_google_benchmark: 1.3.11 (/opt/ros/humble/share/ament_cmake_google_benchmark/cmake)
-- Found ament_cmake_gtest: 1.3.11 (/opt/ros/humble/share/ament_cmake_gtest/cmake)
-- Found gtest sources under '/opt/ros/humble/src/gtest_vendor': C++ tests using 'Google Test' will be built
-- Performance tests are disabled by default, so Google Benchmark tests will be skipped. To enable these tests, set the CMake variable 'AMENT_RUN_PERFORMANCE_TESTS'.
-- Found ament_cmake_gtest: 1.3.11 (/opt/ros/humble/share/ament_cmake_gtest/cmake)
-- Found gtest sources under '/opt/ros/humble/src/gtest_vendor': C++ tests using 'Google Test' will be built
-- Found launch_testing_ament_cmake: 1.0.7 (/opt/ros/humble/share/launch_testing_ament_cmake/cmake)
-- Found python_cmake_module: 0.10.0 (/opt/ros/humble/share/python_cmake_module/cmake)
-- Using PYTHON_EXECUTABLE: /usr/bin/python3
-- Using PYTHON_INCLUDE_DIRS: /usr/include/python3.10
-- Using PYTHON_LIBRARIES: /usr/lib/x86_64-linux-gnu/libpython3.10.so
--  *** Building MoveIt 2.13.0 devel ***
-- Configuring done
-- Generating done
-- Build files have been written to: /home/ashmu/ws_ros2/build/moveit_core
[35m[1mConsolidate compiler generated dependencies of target gtest[0m
[35m[1mConsolidate compiler generated dependencies of target gmock_main[0m
[35m[1mConsolidate compiler generated dependencies of target gtest_main[0m
[35m[1mConsolidate compiler generated dependencies of target moveit_smoothing_base[0m
[35m[1mConsolidate compiler generated dependencies of target gmock[0m
[35m[1mConsolidate compiler generated dependencies of target moveit_utils[0m
[  1%] Built target moveit_butterworth_filter_parameters
[  2%] [34m[1mGenerate version header[0m
[  3%] Built target moveit_ruckig_filter_parameters
[  3%] [34m[1mCreating deprecated header file /home/ashmu/ws_ros2/build/moveit_core/online_signal_smoothing/include/moveit_acceleration_filter_parameters.hpp[0m
[  4%] Built target gtest
[  5%] Built target gtest_main
[  7%] Built target gmock_main
[  8%] Built target gmock
[  9%] [32mBuilding CXX object online_signal_smoothing/CMakeFiles/moveit_smoothing_base.dir/src/smoothing_base_class.cpp.o[0m
[ 12%] Built target moveit_utils
[35m[1mConsolidate compiler generated dependencies of target moveit_transforms[0m
[35m[1mConsolidate compiler generated dependencies of target moveit_exceptions[0m
[35m[1mConsolidate compiler generated dependencies of target logger_dut[0m
[35m[1mConsolidate compiler generated dependencies of target moveit_distance_field[0m
[ 13%] [34m[1mGenerating version.hpp[0m
[ 14%] [32m[1mLinking CXX shared library libmoveit_exceptions.so[0m
[ 14%] Built target version_hpp
[ 15%] [32m[1mLinking CXX shared library libmoveit_transforms.so[0m
[ 16%] Built target moveit_acceleration_filter_parameters
[ 17%] Built target logger_dut
[35m[1mConsolidate compiler generated dependencies of target moveit_version[0m
[ 18%] Built target moveit_version
[ 18%] [32m[1mLinking CXX shared library libmoveit_distance_field.so[0m
[ 19%] Built target moveit_exceptions
[35m[1mConsolidate compiler generated dependencies of target moveit_robot_model[0m
[ 19%] Built target moveit_transforms
[35m[1mConsolidate compiler generated dependencies of target test_transforms[0m
[ 19%] [32m[1mLinking CXX executable test_transforms[0m
[ 19%] [32m[1mLinking CXX shared library libmoveit_robot_model.so[0m
[ 21%] Built target moveit_distance_field
[35m[1mConsolidate compiler generated dependencies of target test_voxel_grid[0m
[35m[1mConsolidate compiler generated dependencies of target test_distance_field[0m
[ 21%] [32m[1mLinking CXX executable test_voxel_grid[0m
[ 22%] [32m[1mLinking CXX executable test_distance_field[0m
[ 23%] Built target test_transforms
[ 29%] Built target moveit_robot_model
[35m[1mConsolidate compiler generated dependencies of target moveit_kinematics_base[0m
[ 30%] [32mBuilding CXX object kinematics_base/CMakeFiles/moveit_kinematics_base.dir/src/kinematics_base.cpp.o[0m
[ 31%] Built target test_voxel_grid
[ 31%] Built target test_distance_field
[ 32%] [32m[1mLinking CXX shared library libmoveit_smoothing_base.so[0m
[ 32%] Built target moveit_smoothing_base
[35m[1mConsolidate compiler generated dependencies of target moveit_butterworth_filter[0m
[ 33%] [32mBuilding CXX object online_signal_smoothing/CMakeFiles/moveit_butterworth_filter.dir/src/butterworth_filter.cpp.o[0m
[ 33%] [32m[1mLinking CXX shared library libmoveit_kinematics_base.so[0m
[ 33%] Built target moveit_kinematics_base
[35m[1mConsolidate compiler generated dependencies of target moveit_test_utils[0m
[35m[1mConsolidate compiler generated dependencies of target moveit_robot_state[0m
[ 34%] [32m[1mLinking CXX shared library libmoveit_test_utils.so[0m
[ 34%] [32m[1mLinking CXX shared library libmoveit_robot_state.so[0m
[ 34%] Built target moveit_test_utils
[35m[1mConsolidate compiler generated dependencies of target test_robot_model[0m
[ 34%] [32m[1mLinking CXX executable test_robot_model[0m
[ 37%] Built target moveit_robot_state
[35m[1mConsolidate compiler generated dependencies of target test_robot_state[0m
[35m[1mConsolidate compiler generated dependencies of target moveit_acceleration_filter[0m
[35m[1mConsolidate compiler generated dependencies of target moveit_dynamics_solver[0m
[35m[1mConsolidate compiler generated dependencies of target moveit_ruckig_filter[0m
[35m[1mConsolidate compiler generated dependencies of target test_aabb[0m
[35m[1mConsolidate compiler generated dependencies of target test_robot_state_complex[0m
[35m[1mConsolidate compiler generated dependencies of target test_cartesian_interpolator[0m
[35m[1mConsolidate compiler generated dependencies of target moveit_kinematics_metrics[0m
[35m[1mConsolidate compiler generated dependencies of target moveit_robot_trajectory[0m
[35m[1mConsolidate compiler generated dependencies of target moveit_collision_detection[0m
[ 37%] [32mBuilding CXX object online_signal_smoothing/CMakeFiles/moveit_acceleration_filter.dir/src/acceleration_filter.cpp.o[0m
[ 38%] [32mBuilding CXX object dynamics_solver/CMakeFiles/moveit_dynamics_solver.dir/src/dynamics_solver.cpp.o[0m
[ 39%] [32m[1mLinking CXX executable test_cartesian_interpolator[0m
[ 40%] [32m[1mLinking CXX executable test_robot_state[0m
[ 41%] [32mBuilding CXX object online_signal_smoothing/CMakeFiles/moveit_ruckig_filter.dir/src/ruckig_filter.cpp.o[0m
[ 42%] [32m[1mLinking CXX executable test_robot_state_complex[0m
[ 42%] [32m[1mLinking CXX shared library libmoveit_kinematics_metrics.so[0m
[ 42%] [32m[1mLinking CXX shared library libmoveit_robot_trajectory.so[0m
[ 42%] [32m[1mLinking CXX executable test_aabb[0m
[ 43%] [32mBuilding CXX object collision_detection/CMakeFiles/moveit_collision_detection.dir/src/allvalid/collision_env_allvalid.cpp.o[0m
[ 44%] Built target moveit_kinematics_metrics
[ 44%] [32mBuilding CXX object collision_detection/CMakeFiles/moveit_collision_detection.dir/src/collision_common.cpp.o[0m
[ 45%] Built target moveit_robot_trajectory
[ 46%] [32mBuilding CXX object collision_detection/CMakeFiles/moveit_collision_detection.dir/src/collision_matrix.cpp.o[0m
[ 47%] Built target test_robot_model
[ 48%] Built target test_aabb
[35m[1mConsolidate compiler generated dependencies of target robot_state_benchmark[0m
[ 49%] [32mBuilding CXX object collision_detection/CMakeFiles/moveit_collision_detection.dir/src/collision_octomap_filter.cpp.o[0m
[ 50%] Built target test_robot_state
[ 51%] [32m[1mLinking CXX executable robot_state_benchmark[0m
[ 51%] Built target test_robot_state_complex
[ 51%] Built target test_cartesian_interpolator
[ 51%] [32mBuilding CXX object collision_detection/CMakeFiles/moveit_collision_detection.dir/src/collision_tools.cpp.o[0m
[35m[1mConsolidate compiler generated dependencies of target test_robot_trajectory[0m
[ 52%] [32mBuilding CXX object collision_detection/CMakeFiles/moveit_collision_detection.dir/src/collision_env.cpp.o[0m
[ 53%] [32m[1mLinking CXX executable test_robot_trajectory[0m
[ 53%] Built target robot_state_benchmark
[ 53%] [32mBuilding CXX object collision_detection/CMakeFiles/moveit_collision_detection.dir/src/collision_plugin_cache.cpp.o[0m
[ 53%] Built target test_robot_trajectory
[35m[1mConsolidate compiler generated dependencies of target moveit_trajectory_processing[0m
[ 54%] [32m[1mLinking CXX shared library libmoveit_trajectory_processing.so[0m
[ 55%] Built target moveit_trajectory_processing
[35m[1mConsolidate compiler generated dependencies of target test_time_optimal_trajectory_generation[0m
[ 56%] [32m[1mLinking CXX executable test_time_optimal_trajectory_generation[0m
[ 56%] Built target test_time_optimal_trajectory_generation
[35m[1mConsolidate compiler generated dependencies of target test_ruckig_traj_smoothing[0m
[ 57%] [32m[1mLinking CXX executable test_ruckig_traj_smoothing[0m
[ 57%] Built target test_ruckig_traj_smoothing
[35m[1mConsolidate compiler generated dependencies of target robot_trajectory_benchmark[0m
[ 57%] [32m[1mLinking CXX executable robot_trajectory_benchmark[0m
[ 58%] Built target robot_trajectory_benchmark
[ 58%] [32m[1mLinking CXX shared library libmoveit_butterworth_filter.so[0m
[ 58%] Built target moveit_butterworth_filter
[35m[1mConsolidate compiler generated dependencies of target test_butterworth_filter[0m
[ 58%] [32mBuilding CXX object online_signal_smoothing/CMakeFiles/test_butterworth_filter.dir/test/test_butterworth_filter.cpp.o[0m
[ 58%] [32m[1mLinking CXX shared library libmoveit_dynamics_solver.so[0m
[ 58%] Built target moveit_dynamics_solver
[ 58%] [32m[1mLinking CXX shared library libmoveit_ruckig_filter.so[0m
[ 58%] Built target moveit_ruckig_filter
[ 59%] [32m[1mLinking CXX shared library libmoveit_acceleration_filter.so[0m
[ 59%] Built target moveit_acceleration_filter
[35m[1mConsolidate compiler generated dependencies of target test_acceleration_filter[0m
[ 60%] [32mBuilding CXX object online_signal_smoothing/CMakeFiles/test_acceleration_filter.dir/test/test_acceleration_filter.cpp.o[0m
[ 61%] [32m[1mLinking CXX executable test_butterworth_filter[0m
[ 61%] Built target test_butterworth_filter
[ 62%] [32m[1mLinking CXX shared library libmoveit_collision_detection.so[0m
[ 63%] Built target moveit_collision_detection
[35m[1mConsolidate compiler generated dependencies of target test_world[0m
[35m[1mConsolidate compiler generated dependencies of target test_world_diff[0m
[35m[1mConsolidate compiler generated dependencies of target test_all_valid[0m
[35m[1mConsolidate compiler generated dependencies of target moveit_collision_detection_fcl[0m
[35m[1mConsolidate compiler generated dependencies of target moveit_collision_detection_bullet[0m
[ 63%] [32m[1mLinking CXX executable test_world_diff[0m
[ 63%] [32m[1mLinking CXX executable test_world[0m
[ 64%] [32mBuilding CXX object collision_detection/CMakeFiles/test_all_valid.dir/test/test_all_valid.cpp.o[0m
[ 65%] [32mBuilding CXX object collision_detection_fcl/CMakeFiles/moveit_collision_detection_fcl.dir/src/collision_common.cpp.o[0m
[ 65%] [32mBuilding CXX object collision_detection_fcl/CMakeFiles/moveit_collision_detection_fcl.dir/src/collision_env_fcl.cpp.o[0m
[ 66%] [32mBuilding CXX object collision_detection_bullet/CMakeFiles/moveit_collision_detection_bullet.dir/src/bullet_integration/bullet_discrete_bvh_manager.cpp.o[0m
[ 66%] [32mBuilding CXX object collision_detection_bullet/CMakeFiles/moveit_collision_detection_bullet.dir/src/bullet_integration/bullet_utils.cpp.o[0m
[ 67%] [32mBuilding CXX object collision_detection_bullet/CMakeFiles/moveit_collision_detection_bullet.dir/src/bullet_integration/bullet_cast_bvh_manager.cpp.o[0m
[ 68%] [32mBuilding CXX object collision_detection_bullet/CMakeFiles/moveit_collision_detection_bullet.dir/src/bullet_integration/bullet_bvh_manager.cpp.o[0m
[ 68%] [32mBuilding CXX object collision_detection_bullet/CMakeFiles/moveit_collision_detection_bullet.dir/src/collision_env_bullet.cpp.o[0m
[ 68%] [32mBuilding CXX object collision_detection_bullet/CMakeFiles/moveit_collision_detection_bullet.dir/src/bullet_integration/contact_checker_common.cpp.o[0m
[ 69%] Built target test_world
[ 70%] Built target test_world_diff
[ 71%] [32mBuilding CXX object collision_detection_bullet/CMakeFiles/moveit_collision_detection_bullet.dir/src/bullet_integration/ros_bullet_utils.cpp.o[0m
[ 71%] [32m[1mLinking CXX executable test_acceleration_filter[0m
[ 71%] Built target test_acceleration_filter
[ 71%] [32m[1mLinking CXX executable test_all_valid[0m
[ 71%] Built target test_all_valid
[ 71%] [32m[1mLinking CXX shared library libmoveit_collision_detection_bullet.so[0m
[ 71%] Built target moveit_collision_detection_bullet
[35m[1mConsolidate compiler generated dependencies of target test_bullet_collision_detection_panda[0m
[35m[1mConsolidate compiler generated dependencies of target test_bullet_continuous_collision_checking[0m
[35m[1mConsolidate compiler generated dependencies of target test_bullet_collision_detection[0m
[ 71%] [32mBuilding CXX object collision_detection_bullet/CMakeFiles/test_bullet_collision_detection_panda.dir/test/test_bullet_collision_detection_panda.cpp.o[0m
[ 72%] [32mBuilding CXX object collision_detection_bullet/CMakeFiles/test_bullet_collision_detection.dir/test/test_bullet_collision_detection_pr2.cpp.o[0m
[ 72%] [32mBuilding CXX object collision_detection_bullet/CMakeFiles/test_bullet_continuous_collision_checking.dir/test/test_bullet_continuous_collision_checking.cpp.o[0m
[ 73%] [32m[1mLinking CXX shared library libmoveit_collision_detection_fcl.so[0m
[ 73%] Built target moveit_collision_detection_fcl
[35m[1mConsolidate compiler generated dependencies of target test_fcl_collision_detection[0m
[35m[1mConsolidate compiler generated dependencies of target test_fcl_collision_env[0m
[35m[1mConsolidate compiler generated dependencies of target test_fcl_collision_detection_panda[0m
[35m[1mConsolidate compiler generated dependencies of target moveit_kinematic_constraints[0m
[ 73%] [32mBuilding CXX object collision_detection_fcl/CMakeFiles/test_fcl_collision_detection_panda.dir/test/test_fcl_collision_detection_panda.cpp.o[0m
[ 73%] [32mBuilding CXX object collision_detection_fcl/CMakeFiles/test_fcl_collision_env.dir/test/test_fcl_env.cpp.o[0m
[ 73%] [32mBuilding CXX object collision_detection_fcl/CMakeFiles/test_fcl_collision_detection.dir/test/test_fcl_collision_detection_pr2.cpp.o[0m
[ 73%] [32mBuilding CXX object kinematic_constraints/CMakeFiles/moveit_kinematic_constraints.dir/src/kinematic_constraint.cpp.o[0m
[ 74%] [32mBuilding CXX object kinematic_constraints/CMakeFiles/moveit_kinematic_constraints.dir/src/utils.cpp.o[0m
[ 75%] [32m[1mLinking CXX executable test_bullet_continuous_collision_checking[0m
[ 75%] Built target test_bullet_continuous_collision_checking
[ 76%] [32m[1mLinking CXX executable test_bullet_collision_detection[0m
[ 77%] [32m[1mLinking CXX executable test_fcl_collision_env[0m
[ 77%] Built target test_bullet_collision_detection
[ 77%] Built target test_fcl_collision_env
[ 78%] [32m[1mLinking CXX executable test_bullet_collision_detection_panda[0m
[ 79%] [32m[1mLinking CXX executable test_fcl_collision_detection[0m
[ 79%] Built target test_bullet_collision_detection_panda
[ 79%] Built target test_fcl_collision_detection
[ 80%] [32m[1mLinking CXX executable test_fcl_collision_detection_panda[0m
[ 80%] Built target test_fcl_collision_detection_panda
[ 80%] [32m[1mLinking CXX shared library libmoveit_kinematic_constraints.so[0m
[ 80%] Built target moveit_kinematic_constraints
[35m[1mConsolidate compiler generated dependencies of target test_constraints[0m
[35m[1mConsolidate compiler generated dependencies of target test_orientation_constraints[0m
[35m[1mConsolidate compiler generated dependencies of target moveit_planning_scene[0m
[ 81%] [32mBuilding CXX object kinematic_constraints/CMakeFiles/test_constraints.dir/test/test_constraints.cpp.o[0m
[ 82%] [32mBuilding CXX object kinematic_constraints/CMakeFiles/test_orientation_constraints.dir/test/test_orientation_constraints.cpp.o[0m
[ 83%] [32mBuilding CXX object planning_scene/CMakeFiles/moveit_planning_scene.dir/src/planning_scene.cpp.o[0m
[ 83%] [32m[1mLinking CXX executable test_orientation_constraints[0m
[ 83%] Built target test_orientation_constraints
[ 84%] [32m[1mLinking CXX executable test_constraints[0m
[ 84%] Built target test_constraints
[ 84%] [32m[1mLinking CXX shared library libmoveit_planning_scene.so[0m
[ 84%] Built target moveit_planning_scene
[35m[1mConsolidate compiler generated dependencies of target test_collision_objects[0m
[35m[1mConsolidate compiler generated dependencies of target test_planning_scene[0m
[35m[1mConsolidate compiler generated dependencies of target collision_detector_bullet_plugin[0m
[35m[1mConsolidate compiler generated dependencies of target collision_detector_fcl_plugin[0m
[35m[1mConsolidate compiler generated dependencies of target test_multi_threaded[0m
[35m[1mConsolidate compiler generated dependencies of target moveit_constraint_samplers[0m
[35m[1mConsolidate compiler generated dependencies of target moveit_planning_interface[0m
[35m[1mConsolidate compiler generated dependencies of target moveit_collision_distance_field[0m
[ 84%] [32mBuilding CXX object collision_detection_bullet/CMakeFiles/collision_detector_bullet_plugin.dir/src/collision_detector_bullet_plugin_loader.cpp.o[0m
[ 85%] [32mBuilding CXX object planning_scene/CMakeFiles/test_collision_objects.dir/test/test_collision_objects.cpp.o[0m
[ 86%] [32mBuilding CXX object planning_scene/CMakeFiles/test_multi_threaded.dir/test/test_multi_threaded.cpp.o[0m
[ 87%] [32mBuilding CXX object planning_scene/CMakeFiles/test_planning_scene.dir/test/test_planning_scene.cpp.o[0m
[ 88%] [32mBuilding CXX object planning_interface/CMakeFiles/moveit_planning_interface.dir/src/planning_interface.cpp.o[0m
[ 88%] [32mBuilding CXX object collision_detection_fcl/CMakeFiles/collision_detector_fcl_plugin.dir/src/collision_detector_fcl_plugin_loader.cpp.o[0m
[ 89%] [32mBuilding CXX object planning_interface/CMakeFiles/moveit_planning_interface.dir/src/planning_response.cpp.o[0m
[ 89%] [32mBuilding CXX object constraint_samplers/CMakeFiles/moveit_constraint_samplers.dir/src/constraint_sampler.cpp.o[0m
[ 90%] [32mBuilding CXX object constraint_samplers/CMakeFiles/moveit_constraint_samplers.dir/src/constraint_sampler_manager.cpp.o[0m
[ 90%] [32mBuilding CXX object constraint_samplers/CMakeFiles/moveit_constraint_samplers.dir/src/constraint_sampler_tools.cpp.o[0m
[ 91%] [32mBuilding CXX object constraint_samplers/CMakeFiles/moveit_constraint_samplers.dir/src/default_constraint_samplers.cpp.o[0m
[ 91%] [32mBuilding CXX object collision_distance_field/CMakeFiles/moveit_collision_distance_field.dir/src/collision_common_distance_field.cpp.o[0m
In file included from [01m[K/home/ashmu/ws_ros2/src/moveit2/moveit_core/planning_interface/include/moveit/planning_interface/planning_response.hpp:40[m[K,
                 from [01m[K/home/ashmu/ws_ros2/src/moveit2/moveit_core/planning_interface/src/planning_response.cpp:37[m[K:
[01m[K/home/ashmu/ws_ros2/src/moveit2/moveit_core/utils/include/moveit/utils/moveit_error_code.hpp:50:72:[m[K [01;31m[Kerror: [m[Kâ€˜[01m[KUNDEFINED[m[Kâ€™ is not a member of â€˜[01m[Kmoveit_msgs::msg::MoveItErrorCodes[m[Kâ€™ {aka â€˜[01m[Kmoveit_msgs::msg::MoveItErrorCodes_<std::allocator<void> >[m[Kâ€™}
   50 |   MoveItErrorCode(const int code = moveit_msgs::msg::MoveItErrorCodes::[01;31m[KUNDEFINED[m[K, const std::string& error_message = "",
      |                                                                        [01;31m[K^~~~~~~~~[m[K
[01m[K/home/ashmu/ws_ros2/src/moveit2/moveit_core/utils/include/moveit/utils/moveit_error_code.hpp:[m[K In constructor â€˜[01m[Kmoveit::core::MoveItErrorCode::MoveItErrorCode(int, const string&, const string&)[m[Kâ€™:
[01m[K/home/ashmu/ws_ros2/src/moveit2/moveit_core/utils/include/moveit/utils/moveit_error_code.hpp:54:5:[m[K [01;31m[Kerror: [m[Kâ€˜[01m[Kmessage[m[Kâ€™ was not declared in this scope
   54 |     [01;31m[Kmessage[m[K = error_message;
      |     [01;31m[K^~~~~~~[m[K
[01m[K/home/ashmu/ws_ros2/src/moveit2/moveit_core/utils/include/moveit/utils/moveit_error_code.hpp:55:5:[m[K [01;31m[Kerror: [m[Kâ€˜[01m[Ksource[m[Kâ€™ was not declared in this scope
   55 |     [01;31m[Ksource[m[K = error_source;
      |     [01;31m[K^~~~~~[m[K
[01m[K/home/ashmu/ws_ros2/src/moveit2/moveit_core/utils/include/moveit/utils/moveit_error_code.hpp:[m[K In constructor â€˜[01m[Kmoveit::core::MoveItErrorCode::MoveItErrorCode(const MoveItErrorCodes&)[m[Kâ€™:
[01m[K/home/ashmu/ws_ros2/src/moveit2/moveit_core/utils/include/moveit/utils/moveit_error_code.hpp:60:5:[m[K [01;31m[Kerror: [m[Kâ€˜[01m[Kmessage[m[Kâ€™ was not declared in this scope
   60 |     [01;31m[Kmessage[m[K = code.message;
      |     [01;31m[K^~~~~~~[m[K
[01m[K/home/ashmu/ws_ros2/src/moveit2/moveit_core/utils/include/moveit/utils/moveit_error_code.hpp:60:20:[m[K [01;31m[Kerror: [m[Kâ€˜[01m[Kconst MoveItErrorCodes[m[Kâ€™ {aka â€˜[01m[Kconst struct moveit_msgs::msg::MoveItErrorCodes_<std::allocator<void> >[m[Kâ€™} has no member named â€˜[01m[Kmessage[m[Kâ€™
   60 |     message = code.[01;31m[Kmessage[m[K;
      |                    [01;31m[K^~~~~~~[m[K
[01m[K/home/ashmu/ws_ros2/src/moveit2/moveit_core/utils/include/moveit/utils/moveit_error_code.hpp:61:5:[m[K [01;31m[Kerror: [m[Kâ€˜[01m[Ksource[m[Kâ€™ was not declared in this scope
   61 |     [01;31m[Ksource[m[K = code.source;
      |     [01;31m[K^~~~~~[m[K
[01m[K/home/ashmu/ws_ros2/src/moveit2/moveit_core/utils/include/moveit/utils/moveit_error_code.hpp:61:19:[m[K [01;31m[Kerror: [m[Kâ€˜[01m[Kconst MoveItErrorCodes[m[Kâ€™ {aka â€˜[01m[Kconst struct moveit_msgs::msg::MoveItErrorCodes_<std::allocator<void> >[m[Kâ€™} has no member named â€˜[01m[Ksource[m[Kâ€™
   61 |     source = code.[01;31m[Ksource[m[K;
      |                   [01;31m[K^~~~~~[m[K
[01m[K/home/ashmu/ws_ros2/src/moveit2/moveit_core/utils/include/moveit/utils/moveit_error_code.hpp:[m[K In function â€˜[01m[Kstd::string moveit::core::errorCodeToString(const moveit::core::MoveItErrorCode&)[m[Kâ€™:
[01m[K/home/ashmu/ws_ros2/src/moveit2/moveit_core/utils/include/moveit/utils/moveit_error_code.hpp:88:41:[m[K [01;31m[Kerror: [m[Kâ€˜[01m[KUNDEFINED[m[Kâ€™ is not a member of â€˜[01m[Kmoveit::core::MoveItErrorCode[m[Kâ€™
   88 |     case moveit::core::MoveItErrorCode::[01;31m[KUNDEFINED[m[K:
      |                                         [01;31m[K^~~~~~~~~[m[K
In file included from [01m[K/home/ashmu/ws_ros2/src/moveit2/moveit_core/planning_interface/include/moveit/planning_interface/planning_response.hpp:40[m[K,
                 from [01m[K/home/ashmu/ws_ros2/src/moveit2/moveit_core/planning_interface/include/moveit/planning_interface/planning_interface.hpp:41[m[K,
                 from [01m[K/home/ashmu/ws_ros2/src/moveit2/moveit_core/planning_interface/src/planning_interface.cpp:37[m[K:
[01m[K/home/ashmu/ws_ros2/src/moveit2/moveit_core/utils/include/moveit/utils/moveit_error_code.hpp:50:72:[m[K [01;31m[Kerror: [m[Kâ€˜[01m[KUNDEFINED[m[Kâ€™ is not a member of â€˜[01m[Kmoveit_msgs::msg::MoveItErrorCodes[m[Kâ€™ {aka â€˜[01m[Kmoveit_msgs::msg::MoveItErrorCodes_<std::allocator<void> >[m[Kâ€™}
   50 |   MoveItErrorCode(const int code = moveit_msgs::msg::MoveItErrorCodes::[01;31m[KUNDEFINED[m[K, const std::string& error_message = "",
      |                                                                        [01;31m[K^~~~~~~~~[m[K
[01m[K/home/ashmu/ws_ros2/src/moveit2/moveit_core/utils/include/moveit/utils/moveit_error_code.hpp:[m[K In constructor â€˜[01m[Kmoveit::core::MoveItErrorCode::MoveItErrorCode(int, const string&, const string&)[m[Kâ€™:
[01m[K/home/ashmu/ws_ros2/src/moveit2/moveit_core/utils/include/moveit/utils/moveit_error_code.hpp:54:5:[m[K [01;31m[Kerror: [m[Kâ€˜[01m[Kmessage[m[Kâ€™ was not declared in this scope
   54 |     [01;31m[Kmessage[m[K = error_message;
      |     [01;31m[K^~~~~~~[m[K
[01m[K/home/ashmu/ws_ros2/src/moveit2/moveit_core/utils/include/moveit/utils/moveit_error_code.hpp:55:5:[m[K [01;31m[Kerror: [m[Kâ€˜[01m[Ksource[m[Kâ€™ was not declared in this scope
   55 |     [01;31m[Ksource[m[K = error_source;
      |     [01;31m[K^~~~~~[m[K
[01m[K/home/ashmu/ws_ros2/src/moveit2/moveit_core/utils/include/moveit/utils/moveit_error_code.hpp:[m[K In constructor â€˜[01m[Kmoveit::core::MoveItErrorCode::MoveItErrorCode(const MoveItErrorCodes&)[m[Kâ€™:
[01m[K/home/ashmu/ws_ros2/src/moveit2/moveit_core/utils/include/moveit/utils/moveit_error_code.hpp:60:5:[m[K [01;31m[Kerror: [m[Kâ€˜[01m[Kmessage[m[Kâ€™ was not declared in this scope
   60 |     [01;31m[Kmessage[m[K = code.message;
      |     [01;31m[K^~~~~~~[m[K
[01m[K/home/ashmu/ws_ros2/src/moveit2/moveit_core/utils/include/moveit/utils/moveit_error_code.hpp:60:20:[m[K [01;31m[Kerror: [m[Kâ€˜[01m[Kconst MoveItErrorCodes[m[Kâ€™ {aka â€˜[01m[Kconst struct moveit_msgs::msg::MoveItErrorCodes_<std::allocator<void> >[m[Kâ€™} has no member named â€˜[01m[Kmessage[m[Kâ€™
   60 |     message = code.[01;31m[Kmessage[m[K;
      |                    [01;31m[K^~~~~~~[m[K
[01m[K/home/ashmu/ws_ros2/src/moveit2/moveit_core/utils/include/moveit/utils/moveit_error_code.hpp:61:5:[m[K [01;31m[Kerror: [m[Kâ€˜[01m[Ksource[m[Kâ€™ was not declared in this scope
   61 |     [01;31m[Ksource[m[K = code.source;
      |     [01;31m[K^~~~~~[m[K
[01m[K/home/ashmu/ws_ros2/src/moveit2/moveit_core/utils/include/moveit/utils/moveit_error_code.hpp:61:19:[m[K [01;31m[Kerror: [m[Kâ€˜[01m[Kconst MoveItErrorCodes[m[Kâ€™ {aka â€˜[01m[Kconst struct moveit_msgs::msg::MoveItErrorCodes_<std::allocator<void> >[m[Kâ€™} has no member named â€˜[01m[Ksource[m[Kâ€™
   61 |     source = code.[01;31m[Ksource[m[K;
      |                   [01;31m[K^~~~~~[m[K
[01m[K/home/ashmu/ws_ros2/src/moveit2/moveit_core/utils/include/moveit/utils/moveit_error_code.hpp:[m[K In function â€˜[01m[Kstd::string moveit::core::errorCodeToString(const moveit::core::MoveItErrorCode&)[m[Kâ€™:
[01m[K/home/ashmu/ws_ros2/src/moveit2/moveit_core/utils/include/moveit/utils/moveit_error_code.hpp:88:41:[m[K [01;31m[Kerror: [m[Kâ€˜[01m[KUNDEFINED[m[Kâ€™ is not a member of â€˜[01m[Kmoveit::core::MoveItErrorCode[m[Kâ€™
   88 |     case moveit::core::MoveItErrorCode::[01;31m[KUNDEFINED[m[K:
      |                                         [01;31m[K^~~~~~~~~[m[K
gmake[2]: *** [planning_interface/CMakeFiles/moveit_planning_interface.dir/build.make:90: planning_interface/CMakeFiles/moveit_planning_interface.dir/src/planning_response.cpp.o] Error 1
gmake[2]: *** Waiting for unfinished jobs....
[ 92%] [32mBuilding CXX object collision_distance_field/CMakeFiles/moveit_collision_distance_field.dir/src/collision_env_distance_field.cpp.o[0m
[ 93%] [32mBuilding CXX object constraint_samplers/CMakeFiles/moveit_constraint_samplers.dir/src/union_constraint_sampler.cpp.o[0m
gmake[2]: *** [planning_interface/CMakeFiles/moveit_planning_interface.dir/build.make:76: planning_interface/CMakeFiles/moveit_planning_interface.dir/src/planning_interface.cpp.o] Error 1
gmake[1]: *** [CMakeFiles/Makefile2:2020: planning_interface/CMakeFiles/moveit_planning_interface.dir/all] Error 2
gmake[1]: *** Waiting for unfinished jobs....
[ 93%] [32mBuilding CXX object collision_distance_field/CMakeFiles/moveit_collision_distance_field.dir/src/collision_env_hybrid.cpp.o[0m
[ 94%] [32m[1mLinking CXX shared library libcollision_detector_bullet_plugin.so[0m
[ 94%] Built target collision_detector_bullet_plugin
[ 95%] [32m[1mLinking CXX shared library libcollision_detector_fcl_plugin.so[0m
[ 95%] Built target collision_detector_fcl_plugin
[ 95%] [32m[1mLinking CXX executable test_multi_threaded[0m
[ 95%] Built target test_multi_threaded
[ 95%] [32m[1mLinking CXX executable test_collision_objects[0m
[ 95%] Built target test_collision_objects
[ 95%] [32m[1mLinking CXX shared library libmoveit_constraint_samplers.so[0m
[ 95%] Built target moveit_constraint_samplers
[ 95%] [32m[1mLinking CXX executable test_planning_scene[0m
[ 95%] Built target test_planning_scene
[ 96%] [32m[1mLinking CXX shared library libmoveit_collision_distance_field.so[0m
[ 97%] Built target moveit_collision_distance_field
gmake: *** [Makefile:146: all] Error 2
