[0.007s] Invoking command in '/home/ashmu/ws_ros2/build/moveit_core': AMENT_PREFIX_PATH=/home/ashmu/ws_ros2/install/moveit_common:${AMENT_PREFIX_PATH} CMAKE_PREFIX_PATH=/home/ashmu/ws_ros2/install/moveit_common:/opt/ros/humble /usr/bin/cmake /home/ashmu/ws_ros2/src/moveit2/moveit_core -DCMAKE_INSTALL_PREFIX=/home/ashmu/ws_ros2/install/moveit_core
[0.019s] -- Found moveit_common: 2.13.0 (/home/ashmu/ws_ros2/install/moveit_common/share/moveit_common/cmake)
[0.019s] -- Found ament_cmake: 1.3.11 (/opt/ros/humble/share/ament_cmake/cmake)
[0.109s] -- Override CMake install command with custom implementation using symlinks instead of copying resources
[0.165s] [0mmoveit_core: You did not request a specific build type: Choosing 'Release' for maximum performance[0m
[0.165s] -- Found angles: 1.15.0 (/opt/ros/humble/share/angles/cmake)
[0.181s] -- Found common_interfaces: 4.2.4 (/opt/ros/humble/share/common_interfaces/cmake)
[0.182s] -- Found eigen_stl_containers: 1.1.0 (/opt/ros/humble/share/eigen_stl_containers/cmake)
[0.183s] -- Found eigen3_cmake_module: 0.1.1 (/opt/ros/humble/share/eigen3_cmake_module/cmake)
[0.185s] -- Found generate_parameter_library: 0.4.0 (/opt/ros/humble/share/generate_parameter_library/cmake)
[0.186s] -- Found parameter_traits: 0.4.0 (/opt/ros/humble/share/parameter_traits/cmake)
[0.202s] -- Found rosidl_generator_c: 3.1.6 (/opt/ros/humble/share/rosidl_generator_c/cmake)
[0.203s] -- Found rosidl_adapter: 3.1.6 (/opt/ros/humble/share/rosidl_adapter/cmake)
[0.207s] -- Found rosidl_generator_cpp: 3.1.6 (/opt/ros/humble/share/rosidl_generator_cpp/cmake)
[0.214s] -- Using all available rosidl_typesupport_c: rosidl_typesupport_fastrtps_c;rosidl_typesupport_introspection_c
[0.223s] -- Using all available rosidl_typesupport_cpp: rosidl_typesupport_fastrtps_cpp;rosidl_typesupport_introspection_cpp
[0.245s] -- Found rmw_implementation_cmake: 6.1.2 (/opt/ros/humble/share/rmw_implementation_cmake/cmake)
[0.246s] -- Found rmw_fastrtps_cpp: 6.2.7 (/opt/ros/humble/share/rmw_fastrtps_cpp/cmake)
[0.330s] -- Using RMW implementation 'rmw_fastrtps_cpp' as default
[0.369s] -- Found rclcpp_lifecycle: 16.0.11 (/opt/ros/humble/share/rclcpp_lifecycle/cmake)
[0.383s] -- Found geometric_shapes: 2.3.2 (/opt/ros/humble/share/geometric_shapes/cmake)
[0.387s] -- Found Boost: /usr/lib/x86_64-linux-gnu/cmake/Boost-1.74.0/BoostConfig.cmake (found version "1.74.0") found components: filesystem 
[0.425s] -- library: /usr/lib/x86_64-linux-gnu/libcurl.so
[0.461s] -- Found kdl_parser: 2.6.4 (/opt/ros/humble/share/kdl_parser/cmake)
[0.464s] -- Ensuring Eigen3 include directory is part of orocos-kdl CMake target
[0.465s] -- Found moveit_msgs: 2.2.1 (/opt/ros/humble/share/moveit_msgs/cmake)
[0.542s] -- Found pluginlib: 5.1.0 (/opt/ros/humble/share/pluginlib/cmake)
[0.557s] -- Found srdfdom: 2.0.7 (/opt/ros/humble/share/srdfdom/cmake)
[0.561s] -- Found tf2_eigen: 0.25.12 (/opt/ros/humble/share/tf2_eigen/cmake)
[0.604s] -- Found tf2_geometry_msgs: 0.25.12 (/opt/ros/humble/share/tf2_geometry_msgs/cmake)
[0.606s] -- Found tf2_kdl: 0.25.12 (/opt/ros/humble/share/tf2_kdl/cmake)
[0.620s] -- Found Boost: /usr/lib/x86_64-linux-gnu/cmake/Boost-1.74.0/BoostConfig.cmake (found version "1.74.0") found components: chrono date_time filesystem iostreams program_options regex serialization system thread 
[0.628s] -- Found ament_cmake_gtest: 1.3.11 (/opt/ros/humble/share/ament_cmake_gtest/cmake)
[0.628s] -- Found gtest sources under '/opt/ros/humble/src/gtest_vendor': C++ tests using 'Google Test' will be built
[0.638s] -- Found gtest sources under '/opt/ros/humble/src/gtest_vendor': C++ tests using 'Google Test' will be built
[0.645s] -- Found gtest sources under '/opt/ros/humble/src/gtest_vendor': C++ tests using 'Google Test' will be built
[0.652s] -- Found ament_cmake_gtest: 1.3.11 (/opt/ros/humble/share/ament_cmake_gtest/cmake)
[0.652s] -- Found gtest sources under '/opt/ros/humble/src/gtest_vendor': C++ tests using 'Google Test' will be built
[0.656s] -- Found ament_cmake_gmock: 1.3.11 (/opt/ros/humble/share/ament_cmake_gmock/cmake)
[0.658s] -- Found gmock sources under '/opt/ros/humble/src/gmock_vendor': C++ tests using 'Google Mock' will be built
[0.660s] -- Found ament_cmake_gtest: 1.3.11 (/opt/ros/humble/share/ament_cmake_gtest/cmake)
[0.660s] -- Found gtest sources under '/opt/ros/humble/src/gtest_vendor': C++ tests using 'Google Test' will be built
[0.665s] -- Found ament_cmake_gtest: 1.3.11 (/opt/ros/humble/share/ament_cmake_gtest/cmake)
[0.666s] -- Found gtest sources under '/opt/ros/humble/src/gtest_vendor': C++ tests using 'Google Test' will be built
[0.675s] -- Found ament_cmake_gtest: 1.3.11 (/opt/ros/humble/share/ament_cmake_gtest/cmake)
[0.675s] -- Found gtest sources under '/opt/ros/humble/src/gtest_vendor': C++ tests using 'Google Test' will be built
[0.689s] -- Found ament_cmake_gtest: 1.3.11 (/opt/ros/humble/share/ament_cmake_gtest/cmake)
[0.689s] -- Found gtest sources under '/opt/ros/humble/src/gtest_vendor': C++ tests using 'Google Test' will be built
[0.697s] -- Found ament_cmake_gtest: 1.3.11 (/opt/ros/humble/share/ament_cmake_gtest/cmake)
[0.698s] -- Found gtest sources under '/opt/ros/humble/src/gtest_vendor': C++ tests using 'Google Test' will be built
[0.704s] -- Found ament_cmake_gtest: 1.3.11 (/opt/ros/humble/share/ament_cmake_gtest/cmake)
[0.705s] -- Found gtest sources under '/opt/ros/humble/src/gtest_vendor': C++ tests using 'Google Test' will be built
[0.709s] -- Found ament_cmake_google_benchmark: 1.3.11 (/opt/ros/humble/share/ament_cmake_google_benchmark/cmake)
[0.710s] -- Found ament_cmake_gtest: 1.3.11 (/opt/ros/humble/share/ament_cmake_gtest/cmake)
[0.711s] -- Found gmock sources under '/opt/ros/humble/src/gmock_vendor': C++ tests using 'Google Mock' will be built
[0.711s] -- Found gtest sources under '/opt/ros/humble/src/gtest_vendor': C++ tests using 'Google Test' will be built
[0.715s] -- Performance tests are disabled by default, so Google Benchmark tests will be skipped. To enable these tests, set the CMake variable 'AMENT_RUN_PERFORMANCE_TESTS'.
[0.717s] -- Found gtest sources under '/opt/ros/humble/src/gtest_vendor': C++ tests using 'Google Test' will be built
[0.722s] -- Found ament_cmake_google_benchmark: 1.3.11 (/opt/ros/humble/share/ament_cmake_google_benchmark/cmake)
[0.722s] -- Found ament_cmake_gtest: 1.3.11 (/opt/ros/humble/share/ament_cmake_gtest/cmake)
[0.723s] -- Found gtest sources under '/opt/ros/humble/src/gtest_vendor': C++ tests using 'Google Test' will be built
[0.726s] -- Performance tests are disabled by default, so Google Benchmark tests will be skipped. To enable these tests, set the CMake variable 'AMENT_RUN_PERFORMANCE_TESTS'.
[0.729s] -- Found ament_cmake_gtest: 1.3.11 (/opt/ros/humble/share/ament_cmake_gtest/cmake)
[0.729s] -- Found gtest sources under '/opt/ros/humble/src/gtest_vendor': C++ tests using 'Google Test' will be built
[0.737s] -- Found launch_testing_ament_cmake: 1.0.7 (/opt/ros/humble/share/launch_testing_ament_cmake/cmake)
[0.737s] -- Found python_cmake_module: 0.10.0 (/opt/ros/humble/share/python_cmake_module/cmake)
[0.753s] -- Using PYTHON_EXECUTABLE: /usr/bin/python3
[0.754s] -- Using PYTHON_INCLUDE_DIRS: /usr/include/python3.10
[0.754s] -- Using PYTHON_LIBRARIES: /usr/lib/x86_64-linux-gnu/libpython3.10.so
[0.756s] --  *** Building MoveIt 2.13.0 devel ***
[0.765s] -- Configuring done
[1.378s] -- Generating done
[1.534s] -- Build files have been written to: /home/ashmu/ws_ros2/build/moveit_core
[1.576s] Invoked command in '/home/ashmu/ws_ros2/build/moveit_core' returned '0': AMENT_PREFIX_PATH=/home/ashmu/ws_ros2/install/moveit_common:${AMENT_PREFIX_PATH} CMAKE_PREFIX_PATH=/home/ashmu/ws_ros2/install/moveit_common:/opt/ros/humble /usr/bin/cmake /home/ashmu/ws_ros2/src/moveit2/moveit_core -DCMAKE_INSTALL_PREFIX=/home/ashmu/ws_ros2/install/moveit_core
[1.577s] Invoking command in '/home/ashmu/ws_ros2/build/moveit_core': AMENT_PREFIX_PATH=/home/ashmu/ws_ros2/install/moveit_common:${AMENT_PREFIX_PATH} CMAKE_PREFIX_PATH=/home/ashmu/ws_ros2/install/moveit_common:/opt/ros/humble /usr/bin/cmake --build /home/ashmu/ws_ros2/build/moveit_core -- -j12 -l12
[1.628s] [35m[1mConsolidate compiler generated dependencies of target gtest[0m
[1.628s] [35m[1mConsolidate compiler generated dependencies of target gmock_main[0m
[1.628s] [35m[1mConsolidate compiler generated dependencies of target gtest_main[0m
[1.631s] [35m[1mConsolidate compiler generated dependencies of target moveit_smoothing_base[0m
[1.631s] [35m[1mConsolidate compiler generated dependencies of target gmock[0m
[1.631s] [35m[1mConsolidate compiler generated dependencies of target moveit_utils[0m
[1.637s] [  1%] Built target moveit_butterworth_filter_parameters
[1.640s] [  2%] [34m[1mGenerate version header[0m
[1.640s] [  3%] Built target moveit_ruckig_filter_parameters
[1.643s] [  3%] [34m[1mCreating deprecated header file /home/ashmu/ws_ros2/build/moveit_core/online_signal_smoothing/include/moveit_acceleration_filter_parameters.hpp[0m
[1.647s] [  4%] Built target gtest
[1.648s] [  5%] Built target gtest_main
[1.649s] [  7%] Built target gmock_main
[1.649s] [  8%] Built target gmock
[1.649s] [  9%] [32mBuilding CXX object online_signal_smoothing/CMakeFiles/moveit_smoothing_base.dir/src/smoothing_base_class.cpp.o[0m
[1.657s] [ 12%] Built target moveit_utils
[1.668s] [35m[1mConsolidate compiler generated dependencies of target moveit_transforms[0m
[1.670s] [35m[1mConsolidate compiler generated dependencies of target moveit_exceptions[0m
[1.672s] [35m[1mConsolidate compiler generated dependencies of target logger_dut[0m
[1.676s] [35m[1mConsolidate compiler generated dependencies of target moveit_distance_field[0m
[1.678s] [ 13%] [34m[1mGenerating version.hpp[0m
[1.689s] [ 14%] [32m[1mLinking CXX shared library libmoveit_exceptions.so[0m
[1.690s] [ 14%] Built target version_hpp
[1.701s] [ 15%] [32m[1mLinking CXX shared library libmoveit_transforms.so[0m
[1.701s] [ 16%] Built target moveit_acceleration_filter_parameters
[1.701s] [ 17%] Built target logger_dut
[1.715s] [35m[1mConsolidate compiler generated dependencies of target moveit_version[0m
[1.724s] [ 18%] Built target moveit_version
[1.724s] [ 18%] [32m[1mLinking CXX shared library libmoveit_distance_field.so[0m
[1.839s] [ 19%] Built target moveit_exceptions
[1.857s] [35m[1mConsolidate compiler generated dependencies of target moveit_robot_model[0m
[1.868s] [ 19%] Built target moveit_transforms
[1.880s] [35m[1mConsolidate compiler generated dependencies of target test_transforms[0m
[1.900s] [ 19%] [32m[1mLinking CXX executable test_transforms[0m
[1.903s] [ 19%] [32m[1mLinking CXX shared library libmoveit_robot_model.so[0m
[1.936s] [ 21%] Built target moveit_distance_field
[1.948s] [35m[1mConsolidate compiler generated dependencies of target test_voxel_grid[0m
[1.954s] [35m[1mConsolidate compiler generated dependencies of target test_distance_field[0m
[1.967s] [ 21%] [32m[1mLinking CXX executable test_voxel_grid[0m
[1.988s] [ 22%] [32m[1mLinking CXX executable test_distance_field[0m
[2.071s] [ 23%] Built target test_transforms
[2.098s] [ 29%] Built target moveit_robot_model
[2.113s] [35m[1mConsolidate compiler generated dependencies of target moveit_kinematics_base[0m
[2.136s] [ 30%] [32mBuilding CXX object kinematics_base/CMakeFiles/moveit_kinematics_base.dir/src/kinematics_base.cpp.o[0m
[2.216s] [ 31%] Built target test_voxel_grid
[2.270s] [ 31%] Built target test_distance_field
[4.421s] [ 32%] [32m[1mLinking CXX shared library libmoveit_smoothing_base.so[0m
[4.577s] [ 32%] Built target moveit_smoothing_base
[4.590s] [35m[1mConsolidate compiler generated dependencies of target moveit_butterworth_filter[0m
[4.609s] [ 33%] [32mBuilding CXX object online_signal_smoothing/CMakeFiles/moveit_butterworth_filter.dir/src/butterworth_filter.cpp.o[0m
[5.931s] [ 33%] [32m[1mLinking CXX shared library libmoveit_kinematics_base.so[0m
[6.030s] [ 33%] Built target moveit_kinematics_base
[6.042s] [35m[1mConsolidate compiler generated dependencies of target moveit_test_utils[0m
[6.044s] [35m[1mConsolidate compiler generated dependencies of target moveit_robot_state[0m
[6.067s] [ 34%] [32m[1mLinking CXX shared library libmoveit_test_utils.so[0m
[6.074s] [ 34%] [32m[1mLinking CXX shared library libmoveit_robot_state.so[0m
[6.211s] [ 34%] Built target moveit_test_utils
[6.224s] [35m[1mConsolidate compiler generated dependencies of target test_robot_model[0m
[6.244s] [ 34%] [32m[1mLinking CXX executable test_robot_model[0m
[6.244s] [ 37%] Built target moveit_robot_state
[6.262s] [35m[1mConsolidate compiler generated dependencies of target test_robot_state[0m
[6.262s] [35m[1mConsolidate compiler generated dependencies of target moveit_acceleration_filter[0m
[6.262s] [35m[1mConsolidate compiler generated dependencies of target moveit_dynamics_solver[0m
[6.262s] [35m[1mConsolidate compiler generated dependencies of target moveit_ruckig_filter[0m
[6.262s] [35m[1mConsolidate compiler generated dependencies of target test_aabb[0m
[6.263s] [35m[1mConsolidate compiler generated dependencies of target test_robot_state_complex[0m
[6.263s] [35m[1mConsolidate compiler generated dependencies of target test_cartesian_interpolator[0m
[6.263s] [35m[1mConsolidate compiler generated dependencies of target moveit_kinematics_metrics[0m
[6.266s] [35m[1mConsolidate compiler generated dependencies of target moveit_robot_trajectory[0m
[6.269s] [35m[1mConsolidate compiler generated dependencies of target moveit_collision_detection[0m
[6.290s] [ 37%] [32mBuilding CXX object online_signal_smoothing/CMakeFiles/moveit_acceleration_filter.dir/src/acceleration_filter.cpp.o[0m
[6.291s] [ 38%] [32mBuilding CXX object dynamics_solver/CMakeFiles/moveit_dynamics_solver.dir/src/dynamics_solver.cpp.o[0m
[6.291s] [ 39%] [32m[1mLinking CXX executable test_cartesian_interpolator[0m
[6.291s] [ 40%] [32m[1mLinking CXX executable test_robot_state[0m
[6.294s] [ 41%] [32mBuilding CXX object online_signal_smoothing/CMakeFiles/moveit_ruckig_filter.dir/src/ruckig_filter.cpp.o[0m
[6.297s] [ 42%] [32m[1mLinking CXX executable test_robot_state_complex[0m
[6.300s] [ 42%] [32m[1mLinking CXX shared library libmoveit_kinematics_metrics.so[0m
[6.301s] [ 42%] [32m[1mLinking CXX shared library libmoveit_robot_trajectory.so[0m
[6.303s] [ 42%] [32m[1mLinking CXX executable test_aabb[0m
[6.352s] [ 43%] [32mBuilding CXX object collision_detection/CMakeFiles/moveit_collision_detection.dir/src/allvalid/collision_env_allvalid.cpp.o[0m
[6.573s] [ 44%] Built target moveit_kinematics_metrics
[6.591s] [ 44%] [32mBuilding CXX object collision_detection/CMakeFiles/moveit_collision_detection.dir/src/collision_common.cpp.o[0m
[6.650s] [ 45%] Built target moveit_robot_trajectory
[6.667s] [ 46%] [32mBuilding CXX object collision_detection/CMakeFiles/moveit_collision_detection.dir/src/collision_matrix.cpp.o[0m
[6.697s] [ 47%] Built target test_robot_model
[6.717s] [ 48%] Built target test_aabb
[6.731s] [35m[1mConsolidate compiler generated dependencies of target robot_state_benchmark[0m
[6.743s] [ 49%] [32mBuilding CXX object collision_detection/CMakeFiles/moveit_collision_detection.dir/src/collision_octomap_filter.cpp.o[0m
[6.769s] [ 50%] Built target test_robot_state
[6.776s] [ 51%] [32m[1mLinking CXX executable robot_state_benchmark[0m
[6.780s] [ 51%] Built target test_robot_state_complex
[6.782s] [ 51%] Built target test_cartesian_interpolator
[6.794s] [ 51%] [32mBuilding CXX object collision_detection/CMakeFiles/moveit_collision_detection.dir/src/collision_tools.cpp.o[0m
[6.813s] [35m[1mConsolidate compiler generated dependencies of target test_robot_trajectory[0m
[6.816s] [ 52%] [32mBuilding CXX object collision_detection/CMakeFiles/moveit_collision_detection.dir/src/collision_env.cpp.o[0m
[6.847s] [ 53%] [32m[1mLinking CXX executable test_robot_trajectory[0m
[7.189s] [ 53%] Built target robot_state_benchmark
[7.205s] [ 53%] [32mBuilding CXX object collision_detection/CMakeFiles/moveit_collision_detection.dir/src/collision_plugin_cache.cpp.o[0m
[7.412s] [ 53%] Built target test_robot_trajectory
[7.434s] [35m[1mConsolidate compiler generated dependencies of target moveit_trajectory_processing[0m
[7.587s] [ 54%] [32m[1mLinking CXX shared library libmoveit_trajectory_processing.so[0m
[7.885s] [ 55%] Built target moveit_trajectory_processing
[7.915s] [35m[1mConsolidate compiler generated dependencies of target test_time_optimal_trajectory_generation[0m
[7.995s] [ 56%] [32m[1mLinking CXX executable test_time_optimal_trajectory_generation[0m
[8.639s] [ 56%] Built target test_time_optimal_trajectory_generation
[8.663s] [35m[1mConsolidate compiler generated dependencies of target test_ruckig_traj_smoothing[0m
[8.761s] [ 57%] [32m[1mLinking CXX executable test_ruckig_traj_smoothing[0m
[9.412s] [ 57%] Built target test_ruckig_traj_smoothing
[9.457s] [35m[1mConsolidate compiler generated dependencies of target robot_trajectory_benchmark[0m
[9.541s] [ 57%] [32m[1mLinking CXX executable robot_trajectory_benchmark[0m
[10.090s] [ 58%] Built target robot_trajectory_benchmark
[13.704s] [ 58%] [32m[1mLinking CXX shared library libmoveit_butterworth_filter.so[0m
[13.997s] [ 58%] Built target moveit_butterworth_filter
[14.020s] [35m[1mConsolidate compiler generated dependencies of target test_butterworth_filter[0m
[14.061s] [ 58%] [32mBuilding CXX object online_signal_smoothing/CMakeFiles/test_butterworth_filter.dir/test/test_butterworth_filter.cpp.o[0m
[17.050s] [ 58%] [32m[1mLinking CXX shared library libmoveit_dynamics_solver.so[0m
[17.248s] [ 58%] Built target moveit_dynamics_solver
[19.648s] [ 58%] [32m[1mLinking CXX shared library libmoveit_ruckig_filter.so[0m
[19.852s] [ 58%] Built target moveit_ruckig_filter
[19.981s] [ 59%] [32m[1mLinking CXX shared library libmoveit_acceleration_filter.so[0m
[20.163s] [ 59%] Built target moveit_acceleration_filter
[20.181s] [35m[1mConsolidate compiler generated dependencies of target test_acceleration_filter[0m
[20.216s] [ 60%] [32mBuilding CXX object online_signal_smoothing/CMakeFiles/test_acceleration_filter.dir/test/test_acceleration_filter.cpp.o[0m
[21.376s] [ 61%] [32m[1mLinking CXX executable test_butterworth_filter[0m
[21.536s] [ 61%] Built target test_butterworth_filter
[23.931s] [ 62%] [32m[1mLinking CXX shared library libmoveit_collision_detection.so[0m
[24.102s] [ 63%] Built target moveit_collision_detection
[24.114s] [35m[1mConsolidate compiler generated dependencies of target test_world[0m
[24.115s] [35m[1mConsolidate compiler generated dependencies of target test_world_diff[0m
[24.116s] [35m[1mConsolidate compiler generated dependencies of target test_all_valid[0m
[24.117s] [35m[1mConsolidate compiler generated dependencies of target moveit_collision_detection_fcl[0m
[24.122s] [35m[1mConsolidate compiler generated dependencies of target moveit_collision_detection_bullet[0m
[24.134s] [ 63%] [32m[1mLinking CXX executable test_world_diff[0m
[24.134s] [ 63%] [32m[1mLinking CXX executable test_world[0m
[24.143s] [ 64%] [32mBuilding CXX object collision_detection/CMakeFiles/test_all_valid.dir/test/test_all_valid.cpp.o[0m
[24.155s] [ 65%] [32mBuilding CXX object collision_detection_fcl/CMakeFiles/moveit_collision_detection_fcl.dir/src/collision_common.cpp.o[0m
[24.156s] [ 65%] [32mBuilding CXX object collision_detection_fcl/CMakeFiles/moveit_collision_detection_fcl.dir/src/collision_env_fcl.cpp.o[0m
[24.180s] [ 66%] [32mBuilding CXX object collision_detection_bullet/CMakeFiles/moveit_collision_detection_bullet.dir/src/bullet_integration/bullet_discrete_bvh_manager.cpp.o[0m
[24.181s] [ 66%] [32mBuilding CXX object collision_detection_bullet/CMakeFiles/moveit_collision_detection_bullet.dir/src/bullet_integration/bullet_utils.cpp.o[0m
[24.183s] [ 67%] [32mBuilding CXX object collision_detection_bullet/CMakeFiles/moveit_collision_detection_bullet.dir/src/bullet_integration/bullet_cast_bvh_manager.cpp.o[0m
[24.183s] [ 68%] [32mBuilding CXX object collision_detection_bullet/CMakeFiles/moveit_collision_detection_bullet.dir/src/bullet_integration/bullet_bvh_manager.cpp.o[0m
[24.184s] [ 68%] [32mBuilding CXX object collision_detection_bullet/CMakeFiles/moveit_collision_detection_bullet.dir/src/collision_env_bullet.cpp.o[0m
[24.186s] [ 68%] [32mBuilding CXX object collision_detection_bullet/CMakeFiles/moveit_collision_detection_bullet.dir/src/bullet_integration/contact_checker_common.cpp.o[0m
[24.628s] [ 69%] Built target test_world
[24.631s] [ 70%] Built target test_world_diff
[24.646s] [ 71%] [32mBuilding CXX object collision_detection_bullet/CMakeFiles/moveit_collision_detection_bullet.dir/src/bullet_integration/ros_bullet_utils.cpp.o[0m
[35.218s] [ 71%] [32m[1mLinking CXX executable test_acceleration_filter[0m
[35.831s] [ 71%] Built target test_acceleration_filter
[36.427s] [ 71%] [32m[1mLinking CXX executable test_all_valid[0m
[36.756s] [ 71%] Built target test_all_valid
[38.267s] [ 71%] [32m[1mLinking CXX shared library libmoveit_collision_detection_bullet.so[0m
[38.512s] [ 71%] Built target moveit_collision_detection_bullet
[38.529s] [35m[1mConsolidate compiler generated dependencies of target test_bullet_collision_detection_panda[0m
[38.529s] [35m[1mConsolidate compiler generated dependencies of target test_bullet_continuous_collision_checking[0m
[38.529s] [35m[1mConsolidate compiler generated dependencies of target test_bullet_collision_detection[0m
[38.565s] [ 71%] [32mBuilding CXX object collision_detection_bullet/CMakeFiles/test_bullet_collision_detection_panda.dir/test/test_bullet_collision_detection_panda.cpp.o[0m
[38.566s] [ 72%] [32mBuilding CXX object collision_detection_bullet/CMakeFiles/test_bullet_collision_detection.dir/test/test_bullet_collision_detection_pr2.cpp.o[0m
[38.568s] [ 72%] [32mBuilding CXX object collision_detection_bullet/CMakeFiles/test_bullet_continuous_collision_checking.dir/test/test_bullet_continuous_collision_checking.cpp.o[0m
[39.115s] [ 73%] [32m[1mLinking CXX shared library libmoveit_collision_detection_fcl.so[0m
[39.352s] [ 73%] Built target moveit_collision_detection_fcl
[39.371s] [35m[1mConsolidate compiler generated dependencies of target test_fcl_collision_detection[0m
[39.372s] [35m[1mConsolidate compiler generated dependencies of target test_fcl_collision_env[0m
[39.372s] [35m[1mConsolidate compiler generated dependencies of target test_fcl_collision_detection_panda[0m
[39.376s] [35m[1mConsolidate compiler generated dependencies of target moveit_kinematic_constraints[0m
[39.415s] [ 73%] [32mBuilding CXX object collision_detection_fcl/CMakeFiles/test_fcl_collision_detection_panda.dir/test/test_fcl_collision_detection_panda.cpp.o[0m
[39.415s] [ 73%] [32mBuilding CXX object collision_detection_fcl/CMakeFiles/test_fcl_collision_env.dir/test/test_fcl_env.cpp.o[0m
[39.416s] [ 73%] [32mBuilding CXX object collision_detection_fcl/CMakeFiles/test_fcl_collision_detection.dir/test/test_fcl_collision_detection_pr2.cpp.o[0m
[39.434s] [ 73%] [32mBuilding CXX object kinematic_constraints/CMakeFiles/moveit_kinematic_constraints.dir/src/kinematic_constraint.cpp.o[0m
[39.435s] [ 74%] [32mBuilding CXX object kinematic_constraints/CMakeFiles/moveit_kinematic_constraints.dir/src/utils.cpp.o[0m
[52.367s] [ 75%] [32m[1mLinking CXX executable test_bullet_continuous_collision_checking[0m
[52.801s] [ 75%] Built target test_bullet_continuous_collision_checking
[53.571s] [ 76%] [32m[1mLinking CXX executable test_bullet_collision_detection[0m
[53.864s] [ 77%] [32m[1mLinking CXX executable test_fcl_collision_env[0m
[54.111s] [ 77%] Built target test_bullet_collision_detection
[54.367s] [ 77%] Built target test_fcl_collision_env
[54.762s] [ 78%] [32m[1mLinking CXX executable test_bullet_collision_detection_panda[0m
[55.099s] [ 79%] [32m[1mLinking CXX executable test_fcl_collision_detection[0m
[55.162s] [ 79%] Built target test_bullet_collision_detection_panda
[55.500s] [ 79%] Built target test_fcl_collision_detection
[57.414s] [ 80%] [32m[1mLinking CXX executable test_fcl_collision_detection_panda[0m
[57.782s] [ 80%] Built target test_fcl_collision_detection_panda
[61.314s] [ 80%] [32m[1mLinking CXX shared library libmoveit_kinematic_constraints.so[0m
[61.483s] [ 80%] Built target moveit_kinematic_constraints
[61.493s] [35m[1mConsolidate compiler generated dependencies of target test_constraints[0m
[61.494s] [35m[1mConsolidate compiler generated dependencies of target test_orientation_constraints[0m
[61.496s] [35m[1mConsolidate compiler generated dependencies of target moveit_planning_scene[0m
[61.515s] [ 81%] [32mBuilding CXX object kinematic_constraints/CMakeFiles/test_constraints.dir/test/test_constraints.cpp.o[0m
[61.518s] [ 82%] [32mBuilding CXX object kinematic_constraints/CMakeFiles/test_orientation_constraints.dir/test/test_orientation_constraints.cpp.o[0m
[61.528s] [ 83%] [32mBuilding CXX object planning_scene/CMakeFiles/moveit_planning_scene.dir/src/planning_scene.cpp.o[0m
[71.984s] [ 83%] [32m[1mLinking CXX executable test_orientation_constraints[0m
[72.350s] [ 83%] Built target test_orientation_constraints
[73.322s] [ 84%] [32m[1mLinking CXX executable test_constraints[0m
[73.591s] [ 84%] Built target test_constraints
[79.953s] [ 84%] [32m[1mLinking CXX shared library libmoveit_planning_scene.so[0m
[80.128s] [ 84%] Built target moveit_planning_scene
[80.144s] [35m[1mConsolidate compiler generated dependencies of target test_collision_objects[0m
[80.145s] [35m[1mConsolidate compiler generated dependencies of target test_planning_scene[0m
[80.146s] [35m[1mConsolidate compiler generated dependencies of target collision_detector_bullet_plugin[0m
[80.147s] [35m[1mConsolidate compiler generated dependencies of target collision_detector_fcl_plugin[0m
[80.148s] [35m[1mConsolidate compiler generated dependencies of target test_multi_threaded[0m
[80.150s] [35m[1mConsolidate compiler generated dependencies of target moveit_constraint_samplers[0m
[80.150s] [35m[1mConsolidate compiler generated dependencies of target moveit_planning_interface[0m
[80.150s] [35m[1mConsolidate compiler generated dependencies of target moveit_collision_distance_field[0m
[80.184s] [ 84%] [32mBuilding CXX object collision_detection_bullet/CMakeFiles/collision_detector_bullet_plugin.dir/src/collision_detector_bullet_plugin_loader.cpp.o[0m
[80.186s] [ 85%] [32mBuilding CXX object planning_scene/CMakeFiles/test_collision_objects.dir/test/test_collision_objects.cpp.o[0m
[80.186s] [ 86%] [32mBuilding CXX object planning_scene/CMakeFiles/test_multi_threaded.dir/test/test_multi_threaded.cpp.o[0m
[80.189s] [ 87%] [32mBuilding CXX object planning_scene/CMakeFiles/test_planning_scene.dir/test/test_planning_scene.cpp.o[0m
[80.190s] [ 88%] [32mBuilding CXX object planning_interface/CMakeFiles/moveit_planning_interface.dir/src/planning_interface.cpp.o[0m
[80.190s] [ 88%] [32mBuilding CXX object collision_detection_fcl/CMakeFiles/collision_detector_fcl_plugin.dir/src/collision_detector_fcl_plugin_loader.cpp.o[0m
[80.191s] [ 89%] [32mBuilding CXX object planning_interface/CMakeFiles/moveit_planning_interface.dir/src/planning_response.cpp.o[0m
[80.213s] [ 89%] [32mBuilding CXX object constraint_samplers/CMakeFiles/moveit_constraint_samplers.dir/src/constraint_sampler.cpp.o[0m
[80.219s] [ 90%] [32mBuilding CXX object constraint_samplers/CMakeFiles/moveit_constraint_samplers.dir/src/constraint_sampler_manager.cpp.o[0m
[80.220s] [ 90%] [32mBuilding CXX object constraint_samplers/CMakeFiles/moveit_constraint_samplers.dir/src/constraint_sampler_tools.cpp.o[0m
[80.227s] [ 91%] [32mBuilding CXX object constraint_samplers/CMakeFiles/moveit_constraint_samplers.dir/src/default_constraint_samplers.cpp.o[0m
[80.227s] [ 91%] [32mBuilding CXX object collision_distance_field/CMakeFiles/moveit_collision_distance_field.dir/src/collision_common_distance_field.cpp.o[0m
[91.889s] In file included from [01m[K/home/ashmu/ws_ros2/src/moveit2/moveit_core/planning_interface/include/moveit/planning_interface/planning_response.hpp:40[m[K,
[91.891s]                  from [01m[K/home/ashmu/ws_ros2/src/moveit2/moveit_core/planning_interface/src/planning_response.cpp:37[m[K:
[91.894s] [01m[K/home/ashmu/ws_ros2/src/moveit2/moveit_core/utils/include/moveit/utils/moveit_error_code.hpp:50:72:[m[K [01;31m[Kerror: [m[Kâ€˜[01m[KUNDEFINED[m[Kâ€™ is not a member of â€˜[01m[Kmoveit_msgs::msg::MoveItErrorCodes[m[Kâ€™ {aka â€˜[01m[Kmoveit_msgs::msg::MoveItErrorCodes_<std::allocator<void> >[m[Kâ€™}
[91.896s]    50 |   MoveItErrorCode(const int code = moveit_msgs::msg::MoveItErrorCodes::[01;31m[KUNDEFINED[m[K, const std::string& error_message = "",
[91.897s]       |                                                                        [01;31m[K^~~~~~~~~[m[K
[91.911s] [01m[K/home/ashmu/ws_ros2/src/moveit2/moveit_core/utils/include/moveit/utils/moveit_error_code.hpp:[m[K In constructor â€˜[01m[Kmoveit::core::MoveItErrorCode::MoveItErrorCode(int, const string&, const string&)[m[Kâ€™:
[91.912s] [01m[K/home/ashmu/ws_ros2/src/moveit2/moveit_core/utils/include/moveit/utils/moveit_error_code.hpp:54:5:[m[K [01;31m[Kerror: [m[Kâ€˜[01m[Kmessage[m[Kâ€™ was not declared in this scope
[91.916s]    54 |     [01;31m[Kmessage[m[K = error_message;
[91.917s]       |     [01;31m[K^~~~~~~[m[K
[91.930s] [01m[K/home/ashmu/ws_ros2/src/moveit2/moveit_core/utils/include/moveit/utils/moveit_error_code.hpp:55:5:[m[K [01;31m[Kerror: [m[Kâ€˜[01m[Ksource[m[Kâ€™ was not declared in this scope
[91.931s]    55 |     [01;31m[Ksource[m[K = error_source;
[91.932s]       |     [01;31m[K^~~~~~[m[K
[91.951s] [01m[K/home/ashmu/ws_ros2/src/moveit2/moveit_core/utils/include/moveit/utils/moveit_error_code.hpp:[m[K In constructor â€˜[01m[Kmoveit::core::MoveItErrorCode::MoveItErrorCode(const MoveItErrorCodes&)[m[Kâ€™:
[91.954s] [01m[K/home/ashmu/ws_ros2/src/moveit2/moveit_core/utils/include/moveit/utils/moveit_error_code.hpp:60:5:[m[K [01;31m[Kerror: [m[Kâ€˜[01m[Kmessage[m[Kâ€™ was not declared in this scope
[91.955s]    60 |     [01;31m[Kmessage[m[K = code.message;
[91.956s]       |     [01;31m[K^~~~~~~[m[K
[91.957s] [01m[K/home/ashmu/ws_ros2/src/moveit2/moveit_core/utils/include/moveit/utils/moveit_error_code.hpp:60:20:[m[K [01;31m[Kerror: [m[Kâ€˜[01m[Kconst MoveItErrorCodes[m[Kâ€™ {aka â€˜[01m[Kconst struct moveit_msgs::msg::MoveItErrorCodes_<std::allocator<void> >[m[Kâ€™} has no member named â€˜[01m[Kmessage[m[Kâ€™
[91.958s]    60 |     message = code.[01;31m[Kmessage[m[K;
[91.964s]       |                    [01;31m[K^~~~~~~[m[K
[91.970s] [01m[K/home/ashmu/ws_ros2/src/moveit2/moveit_core/utils/include/moveit/utils/moveit_error_code.hpp:61:5:[m[K [01;31m[Kerror: [m[Kâ€˜[01m[Ksource[m[Kâ€™ was not declared in this scope
[91.975s]    61 |     [01;31m[Ksource[m[K = code.source;
[91.975s]       |     [01;31m[K^~~~~~[m[K
[91.975s] [01m[K/home/ashmu/ws_ros2/src/moveit2/moveit_core/utils/include/moveit/utils/moveit_error_code.hpp:61:19:[m[K [01;31m[Kerror: [m[Kâ€˜[01m[Kconst MoveItErrorCodes[m[Kâ€™ {aka â€˜[01m[Kconst struct moveit_msgs::msg::MoveItErrorCodes_<std::allocator<void> >[m[Kâ€™} has no member named â€˜[01m[Ksource[m[Kâ€™
[91.975s]    61 |     source = code.[01;31m[Ksource[m[K;
[91.976s]       |                   [01;31m[K^~~~~~[m[K
[91.976s] [01m[K/home/ashmu/ws_ros2/src/moveit2/moveit_core/utils/include/moveit/utils/moveit_error_code.hpp:[m[K In function â€˜[01m[Kstd::string moveit::core::errorCodeToString(const moveit::core::MoveItErrorCode&)[m[Kâ€™:
[91.976s] [01m[K/home/ashmu/ws_ros2/src/moveit2/moveit_core/utils/include/moveit/utils/moveit_error_code.hpp:88:41:[m[K [01;31m[Kerror: [m[Kâ€˜[01m[KUNDEFINED[m[Kâ€™ is not a member of â€˜[01m[Kmoveit::core::MoveItErrorCode[m[Kâ€™
[91.976s]    88 |     case moveit::core::MoveItErrorCode::[01;31m[KUNDEFINED[m[K:
[91.976s]       |                                         [01;31m[K^~~~~~~~~[m[K
[92.177s] In file included from [01m[K/home/ashmu/ws_ros2/src/moveit2/moveit_core/planning_interface/include/moveit/planning_interface/planning_response.hpp:40[m[K,
[92.178s]                  from [01m[K/home/ashmu/ws_ros2/src/moveit2/moveit_core/planning_interface/include/moveit/planning_interface/planning_interface.hpp:41[m[K,
[92.178s]                  from [01m[K/home/ashmu/ws_ros2/src/moveit2/moveit_core/planning_interface/src/planning_interface.cpp:37[m[K:
[92.178s] [01m[K/home/ashmu/ws_ros2/src/moveit2/moveit_core/utils/include/moveit/utils/moveit_error_code.hpp:50:72:[m[K [01;31m[Kerror: [m[Kâ€˜[01m[KUNDEFINED[m[Kâ€™ is not a member of â€˜[01m[Kmoveit_msgs::msg::MoveItErrorCodes[m[Kâ€™ {aka â€˜[01m[Kmoveit_msgs::msg::MoveItErrorCodes_<std::allocator<void> >[m[Kâ€™}
[92.178s]    50 |   MoveItErrorCode(const int code = moveit_msgs::msg::MoveItErrorCodes::[01;31m[KUNDEFINED[m[K, const std::string& error_message = "",
[92.178s]       |                                                                        [01;31m[K^~~~~~~~~[m[K
[92.198s] [01m[K/home/ashmu/ws_ros2/src/moveit2/moveit_core/utils/include/moveit/utils/moveit_error_code.hpp:[m[K In constructor â€˜[01m[Kmoveit::core::MoveItErrorCode::MoveItErrorCode(int, const string&, const string&)[m[Kâ€™:
[92.198s] [01m[K/home/ashmu/ws_ros2/src/moveit2/moveit_core/utils/include/moveit/utils/moveit_error_code.hpp:54:5:[m[K [01;31m[Kerror: [m[Kâ€˜[01m[Kmessage[m[Kâ€™ was not declared in this scope
[92.198s]    54 |     [01;31m[Kmessage[m[K = error_message;
[92.198s]       |     [01;31m[K^~~~~~~[m[K
[92.217s] [01m[K/home/ashmu/ws_ros2/src/moveit2/moveit_core/utils/include/moveit/utils/moveit_error_code.hpp:55:5:[m[K [01;31m[Kerror: [m[Kâ€˜[01m[Ksource[m[Kâ€™ was not declared in this scope
[92.217s]    55 |     [01;31m[Ksource[m[K = error_source;
[92.217s]       |     [01;31m[K^~~~~~[m[K
[92.240s] [01m[K/home/ashmu/ws_ros2/src/moveit2/moveit_core/utils/include/moveit/utils/moveit_error_code.hpp:[m[K In constructor â€˜[01m[Kmoveit::core::MoveItErrorCode::MoveItErrorCode(const MoveItErrorCodes&)[m[Kâ€™:
[92.240s] [01m[K/home/ashmu/ws_ros2/src/moveit2/moveit_core/utils/include/moveit/utils/moveit_error_code.hpp:60:5:[m[K [01;31m[Kerror: [m[Kâ€˜[01m[Kmessage[m[Kâ€™ was not declared in this scope
[92.240s]    60 |     [01;31m[Kmessage[m[K = code.message;
[92.240s]       |     [01;31m[K^~~~~~~[m[K
[92.240s] [01m[K/home/ashmu/ws_ros2/src/moveit2/moveit_core/utils/include/moveit/utils/moveit_error_code.hpp:60:20:[m[K [01;31m[Kerror: [m[Kâ€˜[01m[Kconst MoveItErrorCodes[m[Kâ€™ {aka â€˜[01m[Kconst struct moveit_msgs::msg::MoveItErrorCodes_<std::allocator<void> >[m[Kâ€™} has no member named â€˜[01m[Kmessage[m[Kâ€™
[92.241s]    60 |     message = code.[01;31m[Kmessage[m[K;
[92.241s]       |                    [01;31m[K^~~~~~~[m[K
[92.254s] [01m[K/home/ashmu/ws_ros2/src/moveit2/moveit_core/utils/include/moveit/utils/moveit_error_code.hpp:61:5:[m[K [01;31m[Kerror: [m[Kâ€˜[01m[Ksource[m[Kâ€™ was not declared in this scope
[92.254s]    61 |     [01;31m[Ksource[m[K = code.source;
[92.255s]       |     [01;31m[K^~~~~~[m[K
[92.255s] [01m[K/home/ashmu/ws_ros2/src/moveit2/moveit_core/utils/include/moveit/utils/moveit_error_code.hpp:61:19:[m[K [01;31m[Kerror: [m[Kâ€˜[01m[Kconst MoveItErrorCodes[m[Kâ€™ {aka â€˜[01m[Kconst struct moveit_msgs::msg::MoveItErrorCodes_<std::allocator<void> >[m[Kâ€™} has no member named â€˜[01m[Ksource[m[Kâ€™
[92.255s]    61 |     source = code.[01;31m[Ksource[m[K;
[92.255s]       |                   [01;31m[K^~~~~~[m[K
[92.259s] [01m[K/home/ashmu/ws_ros2/src/moveit2/moveit_core/utils/include/moveit/utils/moveit_error_code.hpp:[m[K In function â€˜[01m[Kstd::string moveit::core::errorCodeToString(const moveit::core::MoveItErrorCode&)[m[Kâ€™:
[92.259s] [01m[K/home/ashmu/ws_ros2/src/moveit2/moveit_core/utils/include/moveit/utils/moveit_error_code.hpp:88:41:[m[K [01;31m[Kerror: [m[Kâ€˜[01m[KUNDEFINED[m[Kâ€™ is not a member of â€˜[01m[Kmoveit::core::MoveItErrorCode[m[Kâ€™
[92.259s]    88 |     case moveit::core::MoveItErrorCode::[01;31m[KUNDEFINED[m[K:
[92.259s]       |                                         [01;31m[K^~~~~~~~~[m[K
[97.223s] gmake[2]: *** [planning_interface/CMakeFiles/moveit_planning_interface.dir/build.make:90: planning_interface/CMakeFiles/moveit_planning_interface.dir/src/planning_response.cpp.o] Error 1
[97.223s] gmake[2]: *** Waiting for unfinished jobs....
[97.277s] [ 92%] [32mBuilding CXX object collision_distance_field/CMakeFiles/moveit_collision_distance_field.dir/src/collision_env_distance_field.cpp.o[0m
[99.918s] [ 93%] [32mBuilding CXX object constraint_samplers/CMakeFiles/moveit_constraint_samplers.dir/src/union_constraint_sampler.cpp.o[0m
[99.952s] gmake[2]: *** [planning_interface/CMakeFiles/moveit_planning_interface.dir/build.make:76: planning_interface/CMakeFiles/moveit_planning_interface.dir/src/planning_interface.cpp.o] Error 1
[99.955s] gmake[1]: *** [CMakeFiles/Makefile2:2020: planning_interface/CMakeFiles/moveit_planning_interface.dir/all] Error 2
[99.962s] gmake[1]: *** Waiting for unfinished jobs....
[99.989s] [ 93%] [32mBuilding CXX object collision_distance_field/CMakeFiles/moveit_collision_distance_field.dir/src/collision_env_hybrid.cpp.o[0m
[100.347s] [ 94%] [32m[1mLinking CXX shared library libcollision_detector_bullet_plugin.so[0m
[100.837s] [ 94%] Built target collision_detector_bullet_plugin
[102.406s] [ 95%] [32m[1mLinking CXX shared library libcollision_detector_fcl_plugin.so[0m
[102.866s] [ 95%] Built target collision_detector_fcl_plugin
[103.410s] [ 95%] [32m[1mLinking CXX executable test_multi_threaded[0m
[104.125s] [ 95%] Built target test_multi_threaded
[106.170s] [ 95%] [32m[1mLinking CXX executable test_collision_objects[0m
[106.568s] [ 95%] Built target test_collision_objects
[111.244s] [ 95%] [32m[1mLinking CXX shared library libmoveit_constraint_samplers.so[0m
[111.515s] [ 95%] Built target moveit_constraint_samplers
[113.797s] [ 95%] [32m[1mLinking CXX executable test_planning_scene[0m
[114.155s] [ 95%] Built target test_planning_scene
[117.454s] [ 96%] [32m[1mLinking CXX shared library libmoveit_collision_distance_field.so[0m
[117.627s] [ 97%] Built target moveit_collision_distance_field
[117.628s] gmake: *** [Makefile:146: all] Error 2
[117.631s] Invoked command in '/home/ashmu/ws_ros2/build/moveit_core' returned '2': AMENT_PREFIX_PATH=/home/ashmu/ws_ros2/install/moveit_common:${AMENT_PREFIX_PATH} CMAKE_PREFIX_PATH=/home/ashmu/ws_ros2/install/moveit_common:/opt/ros/humble /usr/bin/cmake --build /home/ashmu/ws_ros2/build/moveit_core -- -j12 -l12
